2024/10/04 23:30:04 [notice] 1#1: using the "epoll" event method
2024/10/04 23:30:04 [notice] 1#1: nginx/1.27.2
2024/10/04 23:30:04 [notice] 1#1: built by gcc 13.2.1 20240309 (Alpine 13.2.1_git20240309) 
2024/10/04 23:30:04 [notice] 1#1: OS: Linux 6.5.0-1027-oem
2024/10/04 23:30:04 [notice] 1#1: getrlimit(RLIMIT_NOFILE): 1048576:1048576
2024/10/04 23:30:04 [notice] 1#1: start worker processes
2024/10/04 23:30:04 [notice] 1#1: start worker process 8
2024/10/04 23:30:04 [notice] 1#1: start worker process 9
2024/10/04 23:30:04 [notice] 1#1: start worker process 10
2024/10/04 23:30:04 [notice] 1#1: start worker process 11
2024/10/04 23:30:04 [notice] 1#1: start worker process 12
2024/10/04 23:30:04 [notice] 1#1: start worker process 13
2024/10/04 23:30:04 [notice] 1#1: start worker process 14
2024/10/04 23:30:04 [notice] 1#1: start worker process 15
2024/10/04 23:30:04 [notice] 1#1: start worker process 16
2024/10/04 23:30:04 [notice] 1#1: start worker process 17
2024/10/04 23:30:04 [notice] 1#1: start worker process 18
2024/10/04 23:30:04 [notice] 1#1: start worker process 19
2024/10/04 23:32:02 [notice] 1#1: signal 3 (SIGQUIT) received, shutting down
2024/10/04 23:32:02 [notice] 8#8: gracefully shutting down
2024/10/04 23:32:02 [notice] 9#9: gracefully shutting down
2024/10/04 23:32:02 [notice] 10#10: gracefully shutting down
2024/10/04 23:32:02 [notice] 11#11: gracefully shutting down
2024/10/04 23:32:02 [notice] 12#12: gracefully shutting down
2024/10/04 23:32:02 [notice] 13#13: gracefully shutting down
2024/10/04 23:32:02 [notice] 8#8: exiting
2024/10/04 23:32:02 [notice] 18#18: gracefully shutting down
2024/10/04 23:32:02 [notice] 9#9: exiting
2024/10/04 23:32:02 [notice] 15#15: gracefully shutting down
2024/10/04 23:32:02 [notice] 10#10: exiting
2024/10/04 23:32:02 [notice] 19#19: gracefully shutting down
2024/10/04 23:32:02 [notice] 11#11: exiting
2024/10/04 23:32:02 [notice] 12#12: exiting
2024/10/04 23:32:02 [notice] 13#13: exiting
2024/10/04 23:32:02 [notice] 18#18: exiting
2024/10/04 23:32:02 [notice] 15#15: exiting
2024/10/04 23:32:02 [notice] 16#16: gracefully shutting down
2024/10/04 23:32:02 [notice] 19#19: exiting
2024/10/04 23:32:02 [notice] 14#14: gracefully shutting down
2024/10/04 23:32:02 [notice] 16#16: exiting
2024/10/04 23:32:02 [notice] 14#14: exiting
2024/10/04 23:32:02 [notice] 10#10: exit
2024/10/04 23:32:02 [notice] 9#9: exit
2024/10/04 23:32:02 [notice] 8#8: exit
2024/10/04 23:32:02 [notice] 14#14: exit
2024/10/04 23:32:02 [notice] 12#12: exit
2024/10/04 23:32:02 [notice] 13#13: exit
2024/10/04 23:32:02 [notice] 18#18: exit
2024/10/04 23:32:02 [notice] 11#11: exit
2024/10/04 23:32:02 [notice] 15#15: exit
2024/10/04 23:32:02 [notice] 16#16: exit
2024/10/04 23:32:02 [notice] 19#19: exit
2024/10/04 23:32:02 [notice] 17#17: gracefully shutting down
2024/10/04 23:32:02 [notice] 17#17: exiting
2024/10/04 23:32:02 [notice] 17#17: exit
2024/10/04 23:32:02 [notice] 1#1: signal 17 (SIGCHLD) received from 12
2024/10/04 23:32:02 [notice] 1#1: worker process 8 exited with code 0
2024/10/04 23:32:02 [notice] 1#1: worker process 12 exited with code 0
2024/10/04 23:32:02 [notice] 1#1: signal 29 (SIGIO) received
2024/10/04 23:32:02 [notice] 1#1: signal 17 (SIGCHLD) received from 8
2024/10/04 23:32:02 [notice] 1#1: signal 17 (SIGCHLD) received from 14
2024/10/04 23:32:02 [notice] 1#1: worker process 14 exited with code 0
2024/10/04 23:32:02 [notice] 1#1: signal 29 (SIGIO) received
2024/10/04 23:32:02 [notice] 1#1: signal 17 (SIGCHLD) received from 15
2024/10/04 23:32:02 [notice] 1#1: worker process 15 exited with code 0
2024/10/04 23:32:02 [notice] 1#1: signal 29 (SIGIO) received
2024/10/04 23:32:02 [notice] 1#1: signal 17 (SIGCHLD) received from 19
2024/10/04 23:32:02 [notice] 1#1: worker process 10 exited with code 0
2024/10/04 23:32:02 [notice] 1#1: worker process 11 exited with code 0
2024/10/04 23:32:02 [notice] 1#1: worker process 13 exited with code 0
2024/10/04 23:32:02 [notice] 1#1: worker process 16 exited with code 0
2024/10/04 23:32:02 [notice] 1#1: worker process 17 exited with code 0
2024/10/04 23:32:02 [notice] 1#1: worker process 18 exited with code 0
2024/10/04 23:32:02 [notice] 1#1: worker process 19 exited with code 0
2024/10/04 23:32:02 [notice] 1#1: signal 29 (SIGIO) received
2024/10/04 23:32:02 [notice] 1#1: signal 17 (SIGCHLD) received from 11
2024/10/04 23:32:02 [notice] 1#1: signal 17 (SIGCHLD) received from 9
2024/10/04 23:32:02 [notice] 1#1: worker process 9 exited with code 0
2024/10/04 23:32:02 [notice] 1#1: exit
2024/10/04 23:34:54 [notice] 1#1: using the "epoll" event method
2024/10/04 23:34:54 [notice] 1#1: nginx/1.27.2
2024/10/04 23:34:54 [notice] 1#1: built by gcc 13.2.1 20240309 (Alpine 13.2.1_git20240309) 
2024/10/04 23:34:54 [notice] 1#1: OS: Linux 6.5.0-1027-oem
2024/10/04 23:34:54 [notice] 1#1: getrlimit(RLIMIT_NOFILE): 1048576:1048576
2024/10/04 23:34:54 [notice] 1#1: start worker processes
2024/10/04 23:34:54 [notice] 1#1: start worker process 8
2024/10/04 23:34:54 [notice] 1#1: start worker process 9
2024/10/04 23:34:54 [notice] 1#1: start worker process 10
2024/10/04 23:34:54 [notice] 1#1: start worker process 11
2024/10/04 23:34:54 [notice] 1#1: start worker process 12
2024/10/04 23:34:54 [notice] 1#1: start worker process 13
2024/10/04 23:34:54 [notice] 1#1: start worker process 14
2024/10/04 23:34:54 [notice] 1#1: start worker process 15
2024/10/04 23:34:54 [notice] 1#1: start worker process 16
2024/10/04 23:34:54 [notice] 1#1: start worker process 17
2024/10/04 23:34:54 [notice] 1#1: start worker process 18
2024/10/04 23:34:54 [notice] 1#1: start worker process 19
2024/10/05 00:37:25 [notice] 1#1: signal 3 (SIGQUIT) received, shutting down
2024/10/05 00:37:25 [notice] 8#8: gracefully shutting down
2024/10/05 00:37:25 [notice] 9#9: gracefully shutting down
2024/10/05 00:37:25 [notice] 10#10: gracefully shutting down
2024/10/05 00:37:25 [notice] 11#11: gracefully shutting down
2024/10/05 00:37:25 [notice] 13#13: gracefully shutting down
2024/10/05 00:37:25 [notice] 12#12: gracefully shutting down
2024/10/05 00:37:25 [notice] 8#8: exiting
2024/10/05 00:37:25 [notice] 19#19: gracefully shutting down
2024/10/05 00:37:25 [notice] 9#9: exiting
2024/10/05 00:37:25 [notice] 10#10: exiting
2024/10/05 00:37:25 [notice] 11#11: exiting
2024/10/05 00:37:25 [notice] 13#13: exiting
2024/10/05 00:37:25 [notice] 12#12: exiting
2024/10/05 00:37:25 [notice] 19#19: exiting
2024/10/05 00:37:25 [notice] 13#13: exit
2024/10/05 00:37:25 [notice] 11#11: exit
2024/10/05 00:37:25 [notice] 10#10: exit
2024/10/05 00:37:25 [notice] 12#12: exit
2024/10/05 00:37:25 [notice] 9#9: exit
2024/10/05 00:37:25 [notice] 8#8: exit
2024/10/05 00:37:25 [notice] 19#19: exit
2024/10/05 00:37:25 [notice] 14#14: gracefully shutting down
2024/10/05 00:37:25 [notice] 14#14: exiting
2024/10/05 00:37:25 [notice] 18#18: gracefully shutting down
2024/10/05 00:37:25 [notice] 18#18: exiting
2024/10/05 00:37:25 [notice] 14#14: exit
2024/10/05 00:37:25 [notice] 15#15: gracefully shutting down
2024/10/05 00:37:25 [notice] 15#15: exiting
2024/10/05 00:37:25 [notice] 16#16: gracefully shutting down
2024/10/05 00:37:25 [notice] 17#17: gracefully shutting down
2024/10/05 00:37:25 [notice] 16#16: exiting
2024/10/05 00:37:25 [notice] 17#17: exiting
2024/10/05 00:37:25 [notice] 16#16: exit
2024/10/05 00:37:25 [notice] 15#15: exit
2024/10/05 00:37:25 [notice] 18#18: exit
2024/10/05 00:37:25 [notice] 17#17: exit
2024/10/05 00:37:25 [notice] 1#1: signal 17 (SIGCHLD) received from 11
2024/10/05 00:37:25 [notice] 1#1: worker process 11 exited with code 0
2024/10/05 00:37:25 [notice] 1#1: signal 29 (SIGIO) received
2024/10/05 00:37:25 [notice] 1#1: signal 17 (SIGCHLD) received from 18
2024/10/05 00:37:25 [notice] 1#1: worker process 18 exited with code 0
2024/10/05 00:37:25 [notice] 1#1: signal 29 (SIGIO) received
2024/10/05 00:37:25 [notice] 1#1: signal 17 (SIGCHLD) received from 10
2024/10/05 00:37:25 [notice] 1#1: worker process 9 exited with code 0
2024/10/05 00:37:25 [notice] 1#1: worker process 8 exited with code 0
2024/10/05 00:37:25 [notice] 1#1: worker process 10 exited with code 0
2024/10/05 00:37:25 [notice] 1#1: worker process 13 exited with code 0
2024/10/05 00:37:25 [notice] 1#1: worker process 15 exited with code 0
2024/10/05 00:37:25 [notice] 1#1: worker process 17 exited with code 0
2024/10/05 00:37:25 [notice] 1#1: worker process 19 exited with code 0
2024/10/05 00:37:25 [notice] 1#1: signal 29 (SIGIO) received
2024/10/05 00:37:25 [notice] 1#1: signal 17 (SIGCHLD) received from 19
2024/10/05 00:37:25 [notice] 1#1: worker process 14 exited with code 0
2024/10/05 00:37:25 [notice] 1#1: signal 29 (SIGIO) received
2024/10/05 00:37:25 [notice] 1#1: signal 17 (SIGCHLD) received from 16
2024/10/05 00:37:25 [notice] 1#1: worker process 16 exited with code 0
2024/10/05 00:37:25 [notice] 1#1: signal 17 (SIGCHLD) received from 12
2024/10/05 00:37:25 [notice] 1#1: worker process 12 exited with code 0
2024/10/05 00:37:25 [notice] 1#1: exit
2024/10/05 00:42:36 [notice] 1#1: using the "epoll" event method
2024/10/05 00:42:36 [notice] 1#1: nginx/1.27.2
2024/10/05 00:42:36 [notice] 1#1: built by gcc 13.2.1 20240309 (Alpine 13.2.1_git20240309) 
2024/10/05 00:42:36 [notice] 1#1: OS: Linux 6.5.0-1027-oem
2024/10/05 00:42:36 [notice] 1#1: getrlimit(RLIMIT_NOFILE): 1048576:1048576
2024/10/05 00:42:36 [notice] 1#1: start worker processes
2024/10/05 00:42:36 [notice] 1#1: start worker process 8
2024/10/05 00:42:36 [notice] 1#1: start worker process 9
2024/10/05 00:42:36 [notice] 1#1: start worker process 10
2024/10/05 00:42:36 [notice] 1#1: start worker process 11
2024/10/05 00:42:36 [notice] 1#1: start worker process 12
2024/10/05 00:42:36 [notice] 1#1: start worker process 13
2024/10/05 00:42:36 [notice] 1#1: start worker process 14
2024/10/05 00:42:36 [notice] 1#1: start worker process 15
2024/10/05 00:42:36 [notice] 1#1: start worker process 16
2024/10/05 00:42:36 [notice] 1#1: start worker process 17
2024/10/05 00:42:36 [notice] 1#1: start worker process 18
2024/10/05 00:42:36 [notice] 1#1: start worker process 19
2024/10/05 00:45:20 [notice] 1#1: signal 3 (SIGQUIT) received, shutting down
2024/10/05 00:45:20 [notice] 8#8: gracefully shutting down
2024/10/05 00:45:20 [notice] 9#9: gracefully shutting down
2024/10/05 00:45:20 [notice] 10#10: gracefully shutting down
2024/10/05 00:45:20 [notice] 11#11: gracefully shutting down
2024/10/05 00:45:20 [notice] 12#12: gracefully shutting down
2024/10/05 00:45:20 [notice] 8#8: exiting
2024/10/05 00:45:20 [notice] 9#9: exiting
2024/10/05 00:45:20 [notice] 15#15: gracefully shutting down
2024/10/05 00:45:20 [notice] 10#10: exiting
2024/10/05 00:45:20 [notice] 11#11: exiting
2024/10/05 00:45:20 [notice] 12#12: exiting
2024/10/05 00:45:20 [notice] 15#15: exiting
2024/10/05 00:45:20 [notice] 10#10: exit
2024/10/05 00:45:20 [notice] 8#8: exit
2024/10/05 00:45:20 [notice] 9#9: exit
2024/10/05 00:45:20 [notice] 14#14: gracefully shutting down
2024/10/05 00:45:20 [notice] 11#11: exit
2024/10/05 00:45:20 [notice] 14#14: exiting
2024/10/05 00:45:20 [notice] 12#12: exit
2024/10/05 00:45:20 [notice] 15#15: exit
2024/10/05 00:45:20 [notice] 16#16: gracefully shutting down
2024/10/05 00:45:20 [notice] 16#16: exiting
2024/10/05 00:45:20 [notice] 13#13: gracefully shutting down
2024/10/05 00:45:20 [notice] 13#13: exiting
2024/10/05 00:45:20 [notice] 17#17: gracefully shutting down
2024/10/05 00:45:20 [notice] 17#17: exiting
2024/10/05 00:45:20 [notice] 14#14: exit
2024/10/05 00:45:20 [notice] 16#16: exit
2024/10/05 00:45:20 [notice] 18#18: gracefully shutting down
2024/10/05 00:45:20 [notice] 18#18: exiting
2024/10/05 00:45:20 [notice] 17#17: exit
2024/10/05 00:45:20 [notice] 13#13: exit
2024/10/05 00:45:20 [notice] 18#18: exit
2024/10/05 00:45:20 [notice] 19#19: gracefully shutting down
2024/10/05 00:45:20 [notice] 19#19: exiting
2024/10/05 00:45:20 [notice] 19#19: exit
2024/10/05 00:45:20 [notice] 1#1: signal 17 (SIGCHLD) received from 16
2024/10/05 00:45:20 [notice] 1#1: worker process 10 exited with code 0
2024/10/05 00:45:20 [notice] 1#1: worker process 16 exited with code 0
2024/10/05 00:45:20 [notice] 1#1: signal 29 (SIGIO) received
2024/10/05 00:45:20 [notice] 1#1: signal 17 (SIGCHLD) received from 13
2024/10/05 00:45:20 [notice] 1#1: worker process 13 exited with code 0
2024/10/05 00:45:20 [notice] 1#1: worker process 17 exited with code 0
2024/10/05 00:45:20 [notice] 1#1: worker process 11 exited with code 0
2024/10/05 00:45:20 [notice] 1#1: worker process 14 exited with code 0
2024/10/05 00:45:20 [notice] 1#1: signal 29 (SIGIO) received
2024/10/05 00:45:20 [notice] 1#1: signal 17 (SIGCHLD) received from 11
2024/10/05 00:45:20 [notice] 1#1: signal 17 (SIGCHLD) received from 9
2024/10/05 00:45:20 [notice] 1#1: worker process 9 exited with code 0
2024/10/05 00:45:20 [notice] 1#1: signal 29 (SIGIO) received
2024/10/05 00:45:20 [notice] 1#1: signal 17 (SIGCHLD) received from 15
2024/10/05 00:45:20 [notice] 1#1: worker process 15 exited with code 0
2024/10/05 00:45:20 [notice] 1#1: signal 29 (SIGIO) received
2024/10/05 00:45:20 [notice] 1#1: signal 17 (SIGCHLD) received from 19
2024/10/05 00:45:20 [notice] 1#1: worker process 19 exited with code 0
2024/10/05 00:45:20 [notice] 1#1: signal 29 (SIGIO) received
2024/10/05 00:45:20 [notice] 1#1: signal 17 (SIGCHLD) received from 12
2024/10/05 00:45:20 [notice] 1#1: worker process 12 exited with code 0
2024/10/05 00:45:20 [notice] 1#1: signal 29 (SIGIO) received
2024/10/05 00:45:20 [notice] 1#1: signal 17 (SIGCHLD) received from 18
2024/10/05 00:45:20 [notice] 1#1: worker process 18 exited with code 0
2024/10/05 00:45:20 [notice] 1#1: signal 17 (SIGCHLD) received from 8
2024/10/05 00:45:20 [notice] 1#1: worker process 8 exited with code 0
2024/10/05 00:45:20 [notice] 1#1: exit
2024/10/05 00:45:36 [notice] 1#1: using the "epoll" event method
2024/10/05 00:45:36 [notice] 1#1: nginx/1.27.2
2024/10/05 00:45:36 [notice] 1#1: built by gcc 13.2.1 20240309 (Alpine 13.2.1_git20240309) 
2024/10/05 00:45:36 [notice] 1#1: OS: Linux 6.5.0-1027-oem
2024/10/05 00:45:36 [notice] 1#1: getrlimit(RLIMIT_NOFILE): 1048576:1048576
2024/10/05 00:45:36 [notice] 1#1: start worker processes
2024/10/05 00:45:36 [notice] 1#1: start worker process 8
2024/10/05 00:45:36 [notice] 1#1: start worker process 9
2024/10/05 00:45:36 [notice] 1#1: start worker process 10
2024/10/05 00:45:36 [notice] 1#1: start worker process 11
2024/10/05 00:45:36 [notice] 1#1: start worker process 12
2024/10/05 00:45:36 [notice] 1#1: start worker process 13
2024/10/05 00:45:36 [notice] 1#1: start worker process 14
2024/10/05 00:45:36 [notice] 1#1: start worker process 15
2024/10/05 00:45:36 [notice] 1#1: start worker process 16
2024/10/05 00:45:36 [notice] 1#1: start worker process 17
2024/10/05 00:45:36 [notice] 1#1: start worker process 18
2024/10/05 00:45:36 [notice] 1#1: start worker process 19
2024/10/05 00:55:23 [notice] 1#1: signal 3 (SIGQUIT) received, shutting down
2024/10/05 00:55:23 [notice] 11#11: gracefully shutting down
2024/10/05 00:55:23 [notice] 13#13: gracefully shutting down
2024/10/05 00:55:23 [notice] 8#8: gracefully shutting down
2024/10/05 00:55:23 [notice] 9#9: gracefully shutting down
2024/10/05 00:55:23 [notice] 10#10: gracefully shutting down
2024/10/05 00:55:23 [notice] 19#19: gracefully shutting down
2024/10/05 00:55:23 [notice] 15#15: gracefully shutting down
2024/10/05 00:55:23 [notice] 17#17: gracefully shutting down
2024/10/05 00:55:23 [notice] 18#18: gracefully shutting down
2024/10/05 00:55:23 [notice] 13#13: exiting
2024/10/05 00:55:23 [notice] 8#8: exiting
2024/10/05 00:55:23 [notice] 14#14: gracefully shutting down
2024/10/05 00:55:23 [notice] 9#9: exiting
2024/10/05 00:55:23 [notice] 19#19: exiting
2024/10/05 00:55:23 [notice] 10#10: exiting
2024/10/05 00:55:23 [notice] 15#15: exiting
2024/10/05 00:55:23 [notice] 17#17: exiting
2024/10/05 00:55:23 [notice] 18#18: exiting
2024/10/05 00:55:23 [notice] 14#14: exiting
2024/10/05 00:55:23 [notice] 9#9: exit
2024/10/05 00:55:23 [notice] 8#8: exit
2024/10/05 00:55:23 [notice] 14#14: exit
2024/10/05 00:55:23 [notice] 10#10: exit
2024/10/05 00:55:23 [notice] 15#15: exit
2024/10/05 00:55:23 [notice] 13#13: exit
2024/10/05 00:55:23 [notice] 17#17: exit
2024/10/05 00:55:23 [notice] 19#19: exit
2024/10/05 00:55:23 [notice] 18#18: exit
2024/10/05 00:55:23 [notice] 11#11: exiting
2024/10/05 00:55:23 [notice] 11#11: exit
2024/10/05 00:55:23 [notice] 16#16: gracefully shutting down
2024/10/05 00:55:23 [notice] 12#12: gracefully shutting down
2024/10/05 00:55:23 [notice] 16#16: exiting
2024/10/05 00:55:23 [notice] 12#12: exiting
2024/10/05 00:55:23 [notice] 12#12: exit
2024/10/05 00:55:23 [notice] 16#16: exit
2024/10/05 00:55:24 [notice] 1#1: signal 17 (SIGCHLD) received from 14
2024/10/05 00:55:24 [notice] 1#1: worker process 9 exited with code 0
2024/10/05 00:55:24 [notice] 1#1: worker process 14 exited with code 0
2024/10/05 00:55:24 [notice] 1#1: signal 29 (SIGIO) received
2024/10/05 00:55:24 [notice] 1#1: signal 17 (SIGCHLD) received from 9
2024/10/05 00:55:24 [notice] 1#1: signal 17 (SIGCHLD) received from 10
2024/10/05 00:55:24 [notice] 1#1: worker process 10 exited with code 0
2024/10/05 00:55:24 [notice] 1#1: signal 29 (SIGIO) received
2024/10/05 00:55:24 [notice] 1#1: signal 17 (SIGCHLD) received from 13
2024/10/05 00:55:24 [notice] 1#1: worker process 13 exited with code 0
2024/10/05 00:55:24 [notice] 1#1: signal 29 (SIGIO) received
2024/10/05 00:55:24 [notice] 1#1: signal 17 (SIGCHLD) received from 17
2024/10/05 00:55:24 [notice] 1#1: worker process 11 exited with code 0
2024/10/05 00:55:24 [notice] 1#1: worker process 15 exited with code 0
2024/10/05 00:55:24 [notice] 1#1: worker process 17 exited with code 0
2024/10/05 00:55:24 [notice] 1#1: signal 29 (SIGIO) received
2024/10/05 00:55:24 [notice] 1#1: signal 17 (SIGCHLD) received from 15
2024/10/05 00:55:24 [notice] 1#1: worker process 16 exited with code 0
2024/10/05 00:55:24 [notice] 1#1: signal 29 (SIGIO) received
2024/10/05 00:55:24 [notice] 1#1: signal 17 (SIGCHLD) received from 16
2024/10/05 00:55:24 [notice] 1#1: signal 17 (SIGCHLD) received from 18
2024/10/05 00:55:24 [notice] 1#1: worker process 8 exited with code 0
2024/10/05 00:55:24 [notice] 1#1: worker process 18 exited with code 0
2024/10/05 00:55:24 [notice] 1#1: signal 29 (SIGIO) received
2024/10/05 00:55:24 [notice] 1#1: signal 17 (SIGCHLD) received from 8
2024/10/05 00:55:24 [notice] 1#1: signal 17 (SIGCHLD) received from 19
2024/10/05 00:55:24 [notice] 1#1: worker process 19 exited with code 0
2024/10/05 00:55:24 [notice] 1#1: signal 29 (SIGIO) received
2024/10/05 00:55:24 [notice] 1#1: signal 17 (SIGCHLD) received from 12
2024/10/05 00:55:24 [notice] 1#1: worker process 12 exited with code 0
2024/10/05 00:55:24 [notice] 1#1: exit
2024/10/05 00:56:54 [emerg] 1#1: host not found in upstream "app" in /etc/nginx/conf.d/default.conf:23
2024/10/05 00:57:00 [emerg] 1#1: host not found in upstream "app" in /etc/nginx/conf.d/default.conf:23
2024/10/05 00:57:05 [emerg] 1#1: host not found in upstream "app" in /etc/nginx/conf.d/default.conf:23
2024/10/05 00:57:11 [emerg] 1#1: host not found in upstream "app" in /etc/nginx/conf.d/default.conf:23
2024/10/05 00:57:17 [emerg] 1#1: host not found in upstream "app" in /etc/nginx/conf.d/default.conf:23
2024/10/05 00:57:24 [emerg] 1#1: host not found in upstream "app" in /etc/nginx/conf.d/default.conf:23
2024/10/05 00:57:33 [emerg] 1#1: host not found in upstream "app" in /etc/nginx/conf.d/default.conf:23
2024/10/05 00:57:45 [emerg] 1#1: host not found in upstream "app" in /etc/nginx/conf.d/default.conf:23
2024/10/05 00:58:03 [emerg] 1#1: host not found in upstream "app" in /etc/nginx/conf.d/default.conf:23
2024/10/05 00:59:34 [notice] 1#1: using the "epoll" event method
2024/10/05 00:59:34 [notice] 1#1: nginx/1.27.2
2024/10/05 00:59:34 [notice] 1#1: built by gcc 13.2.1 20240309 (Alpine 13.2.1_git20240309) 
2024/10/05 00:59:34 [notice] 1#1: OS: Linux 6.5.0-1027-oem
2024/10/05 00:59:34 [notice] 1#1: getrlimit(RLIMIT_NOFILE): 1048576:1048576
2024/10/05 00:59:34 [notice] 1#1: start worker processes
2024/10/05 00:59:34 [notice] 1#1: start worker process 9
2024/10/05 00:59:34 [notice] 1#1: start worker process 10
2024/10/05 00:59:34 [notice] 1#1: start worker process 11
2024/10/05 00:59:34 [notice] 1#1: start worker process 12
2024/10/05 00:59:34 [notice] 1#1: start worker process 13
2024/10/05 00:59:34 [notice] 1#1: start worker process 14
2024/10/05 00:59:34 [notice] 1#1: start worker process 15
2024/10/05 00:59:34 [notice] 1#1: start worker process 16
2024/10/05 00:59:34 [notice] 1#1: start worker process 17
2024/10/05 00:59:34 [notice] 1#1: start worker process 18
2024/10/05 00:59:34 [notice] 1#1: start worker process 19
2024/10/05 00:59:34 [notice] 1#1: start worker process 20
2024/10/05 01:03:25 [notice] 1#1: signal 3 (SIGQUIT) received, shutting down
2024/10/05 01:03:25 [notice] 9#9: gracefully shutting down
2024/10/05 01:03:25 [notice] 11#11: gracefully shutting down
2024/10/05 01:03:25 [notice] 13#13: gracefully shutting down
2024/10/05 01:03:25 [notice] 15#15: gracefully shutting down
2024/10/05 01:03:25 [notice] 16#16: gracefully shutting down
2024/10/05 01:03:25 [notice] 12#12: gracefully shutting down
2024/10/05 01:03:25 [notice] 9#9: exiting
2024/10/05 01:03:25 [notice] 17#17: gracefully shutting down
2024/10/05 01:03:25 [notice] 11#11: exiting
2024/10/05 01:03:25 [notice] 13#13: exiting
2024/10/05 01:03:25 [notice] 15#15: exiting
2024/10/05 01:03:25 [notice] 16#16: exiting
2024/10/05 01:03:25 [notice] 14#14: gracefully shutting down
2024/10/05 01:03:25 [notice] 17#17: exiting
2024/10/05 01:03:25 [notice] 12#12: exiting
2024/10/05 01:03:25 [notice] 10#10: gracefully shutting down
2024/10/05 01:03:25 [notice] 14#14: exiting
2024/10/05 01:03:25 [notice] 10#10: exiting
2024/10/05 01:03:25 [notice] 19#19: gracefully shutting down
2024/10/05 01:03:25 [notice] 19#19: exiting
2024/10/05 01:03:25 [notice] 18#18: gracefully shutting down
2024/10/05 01:03:25 [notice] 18#18: exiting
2024/10/05 01:03:25 [notice] 11#11: exit
2024/10/05 01:03:25 [notice] 9#9: exit
2024/10/05 01:03:25 [notice] 12#12: exit
2024/10/05 01:03:25 [notice] 10#10: exit
2024/10/05 01:03:25 [notice] 15#15: exit
2024/10/05 01:03:25 [notice] 17#17: exit
2024/10/05 01:03:25 [notice] 14#14: exit
2024/10/05 01:03:25 [notice] 19#19: exit
2024/10/05 01:03:25 [notice] 16#16: exit
2024/10/05 01:03:25 [notice] 13#13: exit
2024/10/05 01:03:25 [notice] 18#18: exit
2024/10/05 01:03:25 [notice] 20#20: gracefully shutting down
2024/10/05 01:03:25 [notice] 20#20: exiting
2024/10/05 01:03:25 [notice] 20#20: exit
2024/10/05 01:03:25 [notice] 1#1: signal 17 (SIGCHLD) received from 10
2024/10/05 01:03:25 [notice] 1#1: worker process 10 exited with code 0
2024/10/05 01:03:25 [notice] 1#1: worker process 20 exited with code 0
2024/10/05 01:03:25 [notice] 1#1: signal 29 (SIGIO) received
2024/10/05 01:03:25 [notice] 1#1: signal 17 (SIGCHLD) received from 20
2024/10/05 01:03:25 [notice] 1#1: signal 17 (SIGCHLD) received from 13
2024/10/05 01:03:25 [notice] 1#1: worker process 13 exited with code 0
2024/10/05 01:03:25 [notice] 1#1: signal 29 (SIGIO) received
2024/10/05 01:03:25 [notice] 1#1: signal 17 (SIGCHLD) received from 16
2024/10/05 01:03:25 [notice] 1#1: worker process 16 exited with code 0
2024/10/05 01:03:25 [notice] 1#1: signal 29 (SIGIO) received
2024/10/05 01:03:25 [notice] 1#1: signal 17 (SIGCHLD) received from 15
2024/10/05 01:03:25 [notice] 1#1: worker process 15 exited with code 0
2024/10/05 01:03:25 [notice] 1#1: signal 29 (SIGIO) received
2024/10/05 01:03:25 [notice] 1#1: signal 17 (SIGCHLD) received from 19
2024/10/05 01:03:25 [notice] 1#1: worker process 9 exited with code 0
2024/10/05 01:03:25 [notice] 1#1: worker process 12 exited with code 0
2024/10/05 01:03:25 [notice] 1#1: worker process 17 exited with code 0
2024/10/05 01:03:25 [notice] 1#1: worker process 18 exited with code 0
2024/10/05 01:03:25 [notice] 1#1: worker process 19 exited with code 0
2024/10/05 01:03:25 [notice] 1#1: signal 29 (SIGIO) received
2024/10/05 01:03:25 [notice] 1#1: signal 17 (SIGCHLD) received from 9
2024/10/05 01:03:25 [notice] 1#1: signal 17 (SIGCHLD) received from 14
2024/10/05 01:03:25 [notice] 1#1: worker process 14 exited with code 0
2024/10/05 01:03:25 [notice] 1#1: signal 29 (SIGIO) received
2024/10/05 01:03:25 [notice] 1#1: signal 17 (SIGCHLD) received from 11
2024/10/05 01:03:25 [notice] 1#1: worker process 11 exited with code 0
2024/10/05 01:03:25 [notice] 1#1: exit
2024/10/05 01:07:08 [notice] 1#1: using the "epoll" event method
2024/10/05 01:07:08 [notice] 1#1: nginx/1.27.2
2024/10/05 01:07:08 [notice] 1#1: built by gcc 13.2.1 20240309 (Alpine 13.2.1_git20240309) 
2024/10/05 01:07:08 [notice] 1#1: OS: Linux 6.5.0-1027-oem
2024/10/05 01:07:08 [notice] 1#1: getrlimit(RLIMIT_NOFILE): 1048576:1048576
2024/10/05 01:07:08 [notice] 1#1: start worker processes
2024/10/05 01:07:08 [notice] 1#1: start worker process 8
2024/10/05 01:07:08 [notice] 1#1: start worker process 9
2024/10/05 01:07:08 [notice] 1#1: start worker process 10
2024/10/05 01:07:08 [notice] 1#1: start worker process 11
2024/10/05 01:07:08 [notice] 1#1: start worker process 12
2024/10/05 01:07:08 [notice] 1#1: start worker process 13
2024/10/05 01:07:08 [notice] 1#1: start worker process 14
2024/10/05 01:07:08 [notice] 1#1: start worker process 15
2024/10/05 01:07:08 [notice] 1#1: start worker process 16
2024/10/05 01:07:08 [notice] 1#1: start worker process 17
2024/10/05 01:07:08 [notice] 1#1: start worker process 18
2024/10/05 01:07:08 [notice] 1#1: start worker process 19
2024/10/05 01:18:43 [notice] 1#1: signal 3 (SIGQUIT) received, shutting down
2024/10/05 01:18:43 [notice] 9#9: gracefully shutting down
2024/10/05 01:18:43 [notice] 10#10: gracefully shutting down
2024/10/05 01:18:43 [notice] 8#8: gracefully shutting down
2024/10/05 01:18:43 [notice] 12#12: gracefully shutting down
2024/10/05 01:18:43 [notice] 13#13: gracefully shutting down
2024/10/05 01:18:43 [notice] 15#15: gracefully shutting down
2024/10/05 01:18:43 [notice] 16#16: gracefully shutting down
2024/10/05 01:18:43 [notice] 9#9: exiting
2024/10/05 01:18:43 [notice] 10#10: exiting
2024/10/05 01:18:43 [notice] 8#8: exiting
2024/10/05 01:18:43 [notice] 12#12: exiting
2024/10/05 01:18:43 [notice] 14#14: gracefully shutting down
2024/10/05 01:18:43 [notice] 13#13: exiting
2024/10/05 01:18:43 [notice] 15#15: exiting
2024/10/05 01:18:43 [notice] 16#16: exiting
2024/10/05 01:18:43 [notice] 14#14: exiting
2024/10/05 01:18:43 [notice] 11#11: gracefully shutting down
2024/10/05 01:18:43 [notice] 11#11: exiting
2024/10/05 01:18:43 [notice] 10#10: exit
2024/10/05 01:18:43 [notice] 9#9: exit
2024/10/05 01:18:43 [notice] 8#8: exit
2024/10/05 01:18:43 [notice] 12#12: exit
2024/10/05 01:18:43 [notice] 16#16: exit
2024/10/05 01:18:43 [notice] 11#11: exit
2024/10/05 01:18:43 [notice] 18#18: gracefully shutting down
2024/10/05 01:18:43 [notice] 15#15: exit
2024/10/05 01:18:43 [notice] 13#13: exit
2024/10/05 01:18:43 [notice] 14#14: exit
2024/10/05 01:18:43 [notice] 18#18: exiting
2024/10/05 01:18:43 [notice] 19#19: gracefully shutting down
2024/10/05 01:18:43 [notice] 19#19: exiting
2024/10/05 01:18:43 [notice] 17#17: gracefully shutting down
2024/10/05 01:18:43 [notice] 17#17: exiting
2024/10/05 01:18:43 [notice] 19#19: exit
2024/10/05 01:18:43 [notice] 17#17: exit
2024/10/05 01:18:43 [notice] 18#18: exit
2024/10/05 01:18:43 [notice] 1#1: signal 17 (SIGCHLD) received from 15
2024/10/05 01:18:43 [notice] 1#1: worker process 15 exited with code 0
2024/10/05 01:18:43 [notice] 1#1: signal 29 (SIGIO) received
2024/10/05 01:18:43 [notice] 1#1: signal 17 (SIGCHLD) received from 10
2024/10/05 01:18:43 [notice] 1#1: worker process 10 exited with code 0
2024/10/05 01:18:43 [notice] 1#1: signal 29 (SIGIO) received
2024/10/05 01:18:43 [notice] 1#1: signal 17 (SIGCHLD) received from 18
2024/10/05 01:18:43 [notice] 1#1: worker process 18 exited with code 0
2024/10/05 01:18:43 [notice] 1#1: worker process 16 exited with code 0
2024/10/05 01:18:43 [notice] 1#1: signal 29 (SIGIO) received
2024/10/05 01:18:43 [notice] 1#1: signal 17 (SIGCHLD) received from 16
2024/10/05 01:18:43 [notice] 1#1: signal 17 (SIGCHLD) received from 12
2024/10/05 01:18:43 [notice] 1#1: worker process 8 exited with code 0
2024/10/05 01:18:43 [notice] 1#1: worker process 9 exited with code 0
2024/10/05 01:18:43 [notice] 1#1: worker process 11 exited with code 0
2024/10/05 01:18:43 [notice] 1#1: worker process 12 exited with code 0
2024/10/05 01:18:43 [notice] 1#1: worker process 13 exited with code 0
2024/10/05 01:18:43 [notice] 1#1: signal 29 (SIGIO) received
2024/10/05 01:18:43 [notice] 1#1: signal 17 (SIGCHLD) received from 9
2024/10/05 01:18:43 [notice] 1#1: worker process 14 exited with code 0
2024/10/05 01:18:43 [notice] 1#1: signal 29 (SIGIO) received
2024/10/05 01:18:43 [notice] 1#1: signal 17 (SIGCHLD) received from 19
2024/10/05 01:18:43 [notice] 1#1: worker process 19 exited with code 0
2024/10/05 01:18:43 [notice] 1#1: signal 29 (SIGIO) received
2024/10/05 01:18:43 [notice] 1#1: signal 17 (SIGCHLD) received from 17
2024/10/05 01:18:43 [notice] 1#1: worker process 17 exited with code 0
2024/10/05 01:18:43 [notice] 1#1: exit
2024/10/05 01:19:04 [notice] 1#1: using the "epoll" event method
2024/10/05 01:19:04 [notice] 1#1: nginx/1.27.2
2024/10/05 01:19:04 [notice] 1#1: built by gcc 13.2.1 20240309 (Alpine 13.2.1_git20240309) 
2024/10/05 01:19:04 [notice] 1#1: OS: Linux 6.5.0-1027-oem
2024/10/05 01:19:04 [notice] 1#1: getrlimit(RLIMIT_NOFILE): 1048576:1048576
2024/10/05 01:19:04 [notice] 1#1: start worker processes
2024/10/05 01:19:04 [notice] 1#1: start worker process 8
2024/10/05 01:19:04 [notice] 1#1: start worker process 9
2024/10/05 01:19:04 [notice] 1#1: start worker process 10
2024/10/05 01:19:04 [notice] 1#1: start worker process 11
2024/10/05 01:19:04 [notice] 1#1: start worker process 12
2024/10/05 01:19:04 [notice] 1#1: start worker process 13
2024/10/05 01:19:04 [notice] 1#1: start worker process 14
2024/10/05 01:19:04 [notice] 1#1: start worker process 15
2024/10/05 01:19:04 [notice] 1#1: start worker process 16
2024/10/05 01:19:04 [notice] 1#1: start worker process 17
2024/10/05 01:19:04 [notice] 1#1: start worker process 18
2024/10/05 01:19:04 [notice] 1#1: start worker process 19
2024/10/05 01:20:02 [notice] 1#1: signal 3 (SIGQUIT) received, shutting down
2024/10/05 01:20:02 [notice] 8#8: gracefully shutting down
2024/10/05 01:20:02 [notice] 10#10: gracefully shutting down
2024/10/05 01:20:02 [notice] 12#12: gracefully shutting down
2024/10/05 01:20:02 [notice] 9#9: gracefully shutting down
2024/10/05 01:20:02 [notice] 13#13: gracefully shutting down
2024/10/05 01:20:02 [notice] 11#11: gracefully shutting down
2024/10/05 01:20:02 [notice] 8#8: exiting
2024/10/05 01:20:02 [notice] 10#10: exiting
2024/10/05 01:20:02 [notice] 12#12: exiting
2024/10/05 01:20:02 [notice] 14#14: gracefully shutting down
2024/10/05 01:20:02 [notice] 15#15: gracefully shutting down
2024/10/05 01:20:02 [notice] 9#9: exiting
2024/10/05 01:20:02 [notice] 13#13: exiting
2024/10/05 01:20:02 [notice] 11#11: exiting
2024/10/05 01:20:02 [notice] 14#14: exiting
2024/10/05 01:20:02 [notice] 16#16: gracefully shutting down
2024/10/05 01:20:02 [notice] 15#15: exiting
2024/10/05 01:20:02 [notice] 16#16: exiting
2024/10/05 01:20:02 [notice] 17#17: gracefully shutting down
2024/10/05 01:20:02 [notice] 17#17: exiting
2024/10/05 01:20:02 [notice] 10#10: exit
2024/10/05 01:20:02 [notice] 16#16: exit
2024/10/05 01:20:02 [notice] 13#13: exit
2024/10/05 01:20:02 [notice] 8#8: exit
2024/10/05 01:20:02 [notice] 15#15: exit
2024/10/05 01:20:02 [notice] 11#11: exit
2024/10/05 01:20:02 [notice] 9#9: exit
2024/10/05 01:20:02 [notice] 14#14: exit
2024/10/05 01:20:02 [notice] 17#17: exit
2024/10/05 01:20:02 [notice] 18#18: gracefully shutting down
2024/10/05 01:20:02 [notice] 18#18: exiting
2024/10/05 01:20:02 [notice] 18#18: exit
2024/10/05 01:20:02 [notice] 12#12: exit
2024/10/05 01:20:02 [notice] 19#19: gracefully shutting down
2024/10/05 01:20:02 [notice] 19#19: exiting
2024/10/05 01:20:02 [notice] 19#19: exit
2024/10/05 01:20:02 [notice] 1#1: signal 17 (SIGCHLD) received from 8
2024/10/05 01:20:02 [notice] 1#1: worker process 8 exited with code 0
2024/10/05 01:20:02 [notice] 1#1: worker process 14 exited with code 0
2024/10/05 01:20:02 [notice] 1#1: worker process 16 exited with code 0
2024/10/05 01:20:02 [notice] 1#1: signal 29 (SIGIO) received
2024/10/05 01:20:02 [notice] 1#1: signal 17 (SIGCHLD) received from 16
2024/10/05 01:20:02 [notice] 1#1: signal 17 (SIGCHLD) received from 9
2024/10/05 01:20:02 [notice] 1#1: worker process 9 exited with code 0
2024/10/05 01:20:02 [notice] 1#1: signal 29 (SIGIO) received
2024/10/05 01:20:02 [notice] 1#1: signal 17 (SIGCHLD) received from 15
2024/10/05 01:20:02 [notice] 1#1: worker process 15 exited with code 0
2024/10/05 01:20:02 [notice] 1#1: signal 29 (SIGIO) received
2024/10/05 01:20:02 [notice] 1#1: signal 17 (SIGCHLD) received from 18
2024/10/05 01:20:02 [notice] 1#1: worker process 10 exited with code 0
2024/10/05 01:20:02 [notice] 1#1: worker process 11 exited with code 0
2024/10/05 01:20:02 [notice] 1#1: worker process 12 exited with code 0
2024/10/05 01:20:02 [notice] 1#1: worker process 13 exited with code 0
2024/10/05 01:20:02 [notice] 1#1: worker process 18 exited with code 0
2024/10/05 01:20:02 [notice] 1#1: signal 29 (SIGIO) received
2024/10/05 01:20:02 [notice] 1#1: signal 17 (SIGCHLD) received from 17
2024/10/05 01:20:02 [notice] 1#1: worker process 17 exited with code 0
2024/10/05 01:20:02 [notice] 1#1: worker process 19 exited with code 0
2024/10/05 01:20:02 [notice] 1#1: exit
2024/10/05 01:20:17 [notice] 1#1: using the "epoll" event method
2024/10/05 01:20:17 [notice] 1#1: nginx/1.27.2
2024/10/05 01:20:17 [notice] 1#1: built by gcc 13.2.1 20240309 (Alpine 13.2.1_git20240309) 
2024/10/05 01:20:17 [notice] 1#1: OS: Linux 6.5.0-1027-oem
2024/10/05 01:20:17 [notice] 1#1: getrlimit(RLIMIT_NOFILE): 1048576:1048576
2024/10/05 01:20:17 [notice] 1#1: start worker processes
2024/10/05 01:20:17 [notice] 1#1: start worker process 7
2024/10/05 01:20:17 [notice] 1#1: start worker process 8
2024/10/05 01:20:17 [notice] 1#1: start worker process 9
2024/10/05 01:20:17 [notice] 1#1: start worker process 10
2024/10/05 01:20:17 [notice] 1#1: start worker process 11
2024/10/05 01:20:17 [notice] 1#1: start worker process 12
2024/10/05 01:20:17 [notice] 1#1: start worker process 13
2024/10/05 01:20:17 [notice] 1#1: start worker process 14
2024/10/05 01:20:17 [notice] 1#1: start worker process 15
2024/10/05 01:20:17 [notice] 1#1: start worker process 16
2024/10/05 01:20:17 [notice] 1#1: start worker process 17
2024/10/05 01:20:17 [notice] 1#1: start worker process 18
2024/10/05 01:21:18 [warn] 9#9: *3 an upstream response is buffered to a temporary file /var/cache/nginx/fastcgi_temp/1/00/0000000001 while reading upstream, client: 172.18.0.1, server: pilgrim.local.com, request: "GET / HTTP/1.1", upstream: "fastcgi://172.18.0.5:9000", host: "pilgrim.local.com"
2024/10/05 01:25:03 [notice] 1#1: signal 3 (SIGQUIT) received, shutting down
2024/10/05 01:25:03 [notice] 7#7: gracefully shutting down
2024/10/05 01:25:03 [notice] 9#9: gracefully shutting down
2024/10/05 01:25:03 [notice] 15#15: gracefully shutting down
2024/10/05 01:25:03 [notice] 8#8: gracefully shutting down
2024/10/05 01:25:03 [notice] 13#13: gracefully shutting down
2024/10/05 01:25:03 [notice] 16#16: gracefully shutting down
2024/10/05 01:25:03 [notice] 9#9: exiting
2024/10/05 01:25:03 [notice] 10#10: gracefully shutting down
2024/10/05 01:25:03 [notice] 15#15: exiting
2024/10/05 01:25:03 [notice] 13#13: exiting
2024/10/05 01:25:03 [notice] 8#8: exiting
2024/10/05 01:25:03 [notice] 11#11: gracefully shutting down
2024/10/05 01:25:03 [notice] 16#16: exiting
2024/10/05 01:25:03 [notice] 18#18: gracefully shutting down
2024/10/05 01:25:03 [notice] 12#12: gracefully shutting down
2024/10/05 01:25:03 [notice] 10#10: exiting
2024/10/05 01:25:03 [notice] 11#11: exiting
2024/10/05 01:25:03 [notice] 7#7: exiting
2024/10/05 01:25:03 [notice] 18#18: exiting
2024/10/05 01:25:03 [notice] 12#12: exiting
2024/10/05 01:25:03 [notice] 17#17: gracefully shutting down
2024/10/05 01:25:03 [notice] 17#17: exiting
2024/10/05 01:25:03 [notice] 9#9: exit
2024/10/05 01:25:03 [notice] 8#8: exit
2024/10/05 01:25:03 [notice] 13#13: exit
2024/10/05 01:25:03 [notice] 16#16: exit
2024/10/05 01:25:03 [notice] 15#15: exit
2024/10/05 01:25:03 [notice] 12#12: exit
2024/10/05 01:25:03 [notice] 10#10: exit
2024/10/05 01:25:03 [notice] 18#18: exit
2024/10/05 01:25:03 [notice] 11#11: exit
2024/10/05 01:25:03 [notice] 17#17: exit
2024/10/05 01:25:03 [notice] 14#14: gracefully shutting down
2024/10/05 01:25:03 [notice] 14#14: exiting
2024/10/05 01:25:03 [notice] 7#7: exit
2024/10/05 01:25:03 [notice] 14#14: exit
2024/10/05 01:25:03 [notice] 1#1: signal 17 (SIGCHLD) received from 7
2024/10/05 01:25:03 [notice] 1#1: worker process 7 exited with code 0
2024/10/05 01:25:03 [notice] 1#1: worker process 15 exited with code 0
2024/10/05 01:25:03 [notice] 1#1: signal 29 (SIGIO) received
2024/10/05 01:25:03 [notice] 1#1: signal 17 (SIGCHLD) received from 15
2024/10/05 01:25:03 [notice] 1#1: signal 17 (SIGCHLD) received from 10
2024/10/05 01:25:03 [notice] 1#1: worker process 10 exited with code 0
2024/10/05 01:25:03 [notice] 1#1: worker process 12 exited with code 0
2024/10/05 01:25:03 [notice] 1#1: signal 29 (SIGIO) received
2024/10/05 01:25:03 [notice] 1#1: signal 17 (SIGCHLD) received from 17
2024/10/05 01:25:03 [notice] 1#1: worker process 17 exited with code 0
2024/10/05 01:25:03 [notice] 1#1: signal 29 (SIGIO) received
2024/10/05 01:25:03 [notice] 1#1: signal 17 (SIGCHLD) received from 11
2024/10/05 01:25:03 [notice] 1#1: worker process 11 exited with code 0
2024/10/05 01:25:03 [notice] 1#1: signal 29 (SIGIO) received
2024/10/05 01:25:03 [notice] 1#1: signal 17 (SIGCHLD) received from 9
2024/10/05 01:25:03 [notice] 1#1: worker process 9 exited with code 0
2024/10/05 01:25:03 [notice] 1#1: signal 29 (SIGIO) received
2024/10/05 01:25:03 [notice] 1#1: signal 17 (SIGCHLD) received from 14
2024/10/05 01:25:03 [notice] 1#1: worker process 14 exited with code 0
2024/10/05 01:25:03 [notice] 1#1: signal 29 (SIGIO) received
2024/10/05 01:25:03 [notice] 1#1: signal 17 (SIGCHLD) received from 18
2024/10/05 01:25:03 [notice] 1#1: worker process 13 exited with code 0
2024/10/05 01:25:03 [notice] 1#1: worker process 18 exited with code 0
2024/10/05 01:25:03 [notice] 1#1: signal 29 (SIGIO) received
2024/10/05 01:25:03 [notice] 1#1: signal 17 (SIGCHLD) received from 13
2024/10/05 01:25:03 [notice] 1#1: signal 17 (SIGCHLD) received from 16
2024/10/05 01:25:03 [notice] 1#1: worker process 16 exited with code 0
2024/10/05 01:25:03 [notice] 1#1: signal 29 (SIGIO) received
2024/10/05 01:25:03 [notice] 1#1: signal 17 (SIGCHLD) received from 8
2024/10/05 01:25:03 [notice] 1#1: worker process 8 exited with code 0
2024/10/05 01:25:03 [notice] 1#1: exit
2024/10/05 01:25:25 [notice] 1#1: using the "epoll" event method
2024/10/05 01:25:25 [notice] 1#1: nginx/1.27.2
2024/10/05 01:25:25 [notice] 1#1: built by gcc 13.2.1 20240309 (Alpine 13.2.1_git20240309) 
2024/10/05 01:25:25 [notice] 1#1: OS: Linux 6.5.0-1027-oem
2024/10/05 01:25:25 [notice] 1#1: getrlimit(RLIMIT_NOFILE): 1048576:1048576
2024/10/05 01:25:25 [notice] 1#1: start worker processes
2024/10/05 01:25:25 [notice] 1#1: start worker process 8
2024/10/05 01:25:25 [notice] 1#1: start worker process 9
2024/10/05 01:25:25 [notice] 1#1: start worker process 10
2024/10/05 01:25:25 [notice] 1#1: start worker process 11
2024/10/05 01:25:25 [notice] 1#1: start worker process 12
2024/10/05 01:25:25 [notice] 1#1: start worker process 13
2024/10/05 01:25:25 [notice] 1#1: start worker process 14
2024/10/05 01:25:25 [notice] 1#1: start worker process 15
2024/10/05 01:25:25 [notice] 1#1: start worker process 16
2024/10/05 01:25:25 [notice] 1#1: start worker process 17
2024/10/05 01:25:25 [notice] 1#1: start worker process 18
2024/10/05 01:25:25 [notice] 1#1: start worker process 19
2024/10/05 01:26:13 [notice] 1#1: signal 3 (SIGQUIT) received, shutting down
2024/10/05 01:26:13 [notice] 8#8: gracefully shutting down
2024/10/05 01:26:13 [notice] 13#13: gracefully shutting down
2024/10/05 01:26:13 [notice] 9#9: gracefully shutting down
2024/10/05 01:26:13 [notice] 10#10: gracefully shutting down
2024/10/05 01:26:13 [notice] 11#11: gracefully shutting down
2024/10/05 01:26:13 [notice] 12#12: gracefully shutting down
2024/10/05 01:26:13 [notice] 8#8: exiting
2024/10/05 01:26:13 [notice] 13#13: exiting
2024/10/05 01:26:13 [notice] 14#14: gracefully shutting down
2024/10/05 01:26:13 [notice] 9#9: exiting
2024/10/05 01:26:13 [notice] 17#17: gracefully shutting down
2024/10/05 01:26:13 [notice] 10#10: exiting
2024/10/05 01:26:13 [notice] 11#11: exiting
2024/10/05 01:26:13 [notice] 12#12: exiting
2024/10/05 01:26:13 [notice] 15#15: gracefully shutting down
2024/10/05 01:26:13 [notice] 14#14: exiting
2024/10/05 01:26:13 [notice] 17#17: exiting
2024/10/05 01:26:13 [notice] 15#15: exiting
2024/10/05 01:26:13 [notice] 13#13: exit
2024/10/05 01:26:13 [notice] 14#14: exit
2024/10/05 01:26:13 [notice] 8#8: exit
2024/10/05 01:26:13 [notice] 10#10: exit
2024/10/05 01:26:13 [notice] 11#11: exit
2024/10/05 01:26:13 [notice] 17#17: exit
2024/10/05 01:26:13 [notice] 12#12: exit
2024/10/05 01:26:13 [notice] 9#9: exit
2024/10/05 01:26:13 [notice] 15#15: exit
2024/10/05 01:26:13 [notice] 19#19: gracefully shutting down
2024/10/05 01:26:13 [notice] 19#19: exiting
2024/10/05 01:26:13 [notice] 16#16: gracefully shutting down
2024/10/05 01:26:13 [notice] 16#16: exiting
2024/10/05 01:26:13 [notice] 19#19: exit
2024/10/05 01:26:13 [notice] 16#16: exit
2024/10/05 01:26:13 [notice] 18#18: gracefully shutting down
2024/10/05 01:26:13 [notice] 18#18: exiting
2024/10/05 01:26:13 [notice] 18#18: exit
2024/10/05 01:26:13 [notice] 1#1: signal 17 (SIGCHLD) received from 11
2024/10/05 01:26:13 [notice] 1#1: worker process 11 exited with code 0
2024/10/05 01:26:13 [notice] 1#1: signal 29 (SIGIO) received
2024/10/05 01:26:13 [notice] 1#1: signal 17 (SIGCHLD) received from 19
2024/10/05 01:26:13 [notice] 1#1: worker process 9 exited with code 0
2024/10/05 01:26:13 [notice] 1#1: worker process 8 exited with code 0
2024/10/05 01:26:13 [notice] 1#1: worker process 19 exited with code 0
2024/10/05 01:26:13 [notice] 1#1: signal 29 (SIGIO) received
2024/10/05 01:26:13 [notice] 1#1: signal 17 (SIGCHLD) received from 9
2024/10/05 01:26:13 [notice] 1#1: worker process 16 exited with code 0
2024/10/05 01:26:13 [notice] 1#1: worker process 14 exited with code 0
2024/10/05 01:26:13 [notice] 1#1: worker process 18 exited with code 0
2024/10/05 01:26:13 [notice] 1#1: signal 29 (SIGIO) received
2024/10/05 01:26:13 [notice] 1#1: signal 17 (SIGCHLD) received from 16
2024/10/05 01:26:13 [notice] 1#1: worker process 10 exited with code 0
2024/10/05 01:26:13 [notice] 1#1: worker process 12 exited with code 0
2024/10/05 01:26:13 [notice] 1#1: signal 29 (SIGIO) received
2024/10/05 01:26:13 [notice] 1#1: signal 17 (SIGCHLD) received from 15
2024/10/05 01:26:13 [notice] 1#1: worker process 15 exited with code 0
2024/10/05 01:26:13 [notice] 1#1: worker process 17 exited with code 0
2024/10/05 01:26:13 [notice] 1#1: signal 29 (SIGIO) received
2024/10/05 01:26:13 [notice] 1#1: signal 17 (SIGCHLD) received from 13
2024/10/05 01:26:13 [notice] 1#1: worker process 13 exited with code 0
2024/10/05 01:26:13 [notice] 1#1: exit
2024/10/05 01:26:22 [notice] 1#1: using the "epoll" event method
2024/10/05 01:26:22 [notice] 1#1: nginx/1.27.2
2024/10/05 01:26:22 [notice] 1#1: built by gcc 13.2.1 20240309 (Alpine 13.2.1_git20240309) 
2024/10/05 01:26:22 [notice] 1#1: OS: Linux 6.5.0-1027-oem
2024/10/05 01:26:22 [notice] 1#1: getrlimit(RLIMIT_NOFILE): 1048576:1048576
2024/10/05 01:26:22 [notice] 1#1: start worker processes
2024/10/05 01:26:22 [notice] 1#1: start worker process 8
2024/10/05 01:26:22 [notice] 1#1: start worker process 9
2024/10/05 01:26:22 [notice] 1#1: start worker process 10
2024/10/05 01:26:22 [notice] 1#1: start worker process 11
2024/10/05 01:26:22 [notice] 1#1: start worker process 12
2024/10/05 01:26:22 [notice] 1#1: start worker process 13
2024/10/05 01:26:22 [notice] 1#1: start worker process 14
2024/10/05 01:26:22 [notice] 1#1: start worker process 15
2024/10/05 01:26:22 [notice] 1#1: start worker process 16
2024/10/05 01:26:22 [notice] 1#1: start worker process 17
2024/10/05 01:26:22 [notice] 1#1: start worker process 18
2024/10/05 01:26:22 [notice] 1#1: start worker process 19
2024/10/05 01:31:08 [notice] 1#1: signal 3 (SIGQUIT) received, shutting down
2024/10/05 01:31:08 [notice] 8#8: gracefully shutting down
2024/10/05 01:31:08 [notice] 10#10: gracefully shutting down
2024/10/05 01:31:08 [notice] 9#9: gracefully shutting down
2024/10/05 01:31:08 [notice] 11#11: gracefully shutting down
2024/10/05 01:31:08 [notice] 12#12: gracefully shutting down
2024/10/05 01:31:08 [notice] 13#13: gracefully shutting down
2024/10/05 01:31:08 [notice] 8#8: exiting
2024/10/05 01:31:08 [notice] 10#10: exiting
2024/10/05 01:31:08 [notice] 14#14: gracefully shutting down
2024/10/05 01:31:08 [notice] 17#17: gracefully shutting down
2024/10/05 01:31:08 [notice] 15#15: gracefully shutting down
2024/10/05 01:31:08 [notice] 9#9: exiting
2024/10/05 01:31:08 [notice] 16#16: gracefully shutting down
2024/10/05 01:31:08 [notice] 11#11: exiting
2024/10/05 01:31:08 [notice] 19#19: gracefully shutting down
2024/10/05 01:31:08 [notice] 12#12: exiting
2024/10/05 01:31:08 [notice] 18#18: gracefully shutting down
2024/10/05 01:31:08 [notice] 13#13: exiting
2024/10/05 01:31:08 [notice] 14#14: exiting
2024/10/05 01:31:08 [notice] 17#17: exiting
2024/10/05 01:31:08 [notice] 15#15: exiting
2024/10/05 01:31:08 [notice] 16#16: exiting
2024/10/05 01:31:08 [notice] 19#19: exiting
2024/10/05 01:31:08 [notice] 18#18: exiting
2024/10/05 01:31:08 [notice] 10#10: exit
2024/10/05 01:31:08 [notice] 12#12: exit
2024/10/05 01:31:08 [notice] 19#19: exit
2024/10/05 01:31:08 [notice] 17#17: exit
2024/10/05 01:31:08 [notice] 8#8: exit
2024/10/05 01:31:08 [notice] 16#16: exit
2024/10/05 01:31:08 [notice] 11#11: exit
2024/10/05 01:31:08 [notice] 14#14: exit
2024/10/05 01:31:08 [notice] 18#18: exit
2024/10/05 01:31:08 [notice] 15#15: exit
2024/10/05 01:31:08 [notice] 9#9: exit
2024/10/05 01:31:08 [notice] 13#13: exit
2024/10/05 01:31:08 [notice] 1#1: signal 17 (SIGCHLD) received from 14
2024/10/05 01:31:08 [notice] 1#1: worker process 14 exited with code 0
2024/10/05 01:31:08 [notice] 1#1: signal 29 (SIGIO) received
2024/10/05 01:31:08 [notice] 1#1: signal 17 (SIGCHLD) received from 10
2024/10/05 01:31:08 [notice] 1#1: worker process 10 exited with code 0
2024/10/05 01:31:08 [notice] 1#1: worker process 12 exited with code 0
2024/10/05 01:31:08 [notice] 1#1: signal 29 (SIGIO) received
2024/10/05 01:31:08 [notice] 1#1: signal 17 (SIGCHLD) received from 15
2024/10/05 01:31:08 [notice] 1#1: worker process 8 exited with code 0
2024/10/05 01:31:08 [notice] 1#1: worker process 15 exited with code 0
2024/10/05 01:31:08 [notice] 1#1: signal 29 (SIGIO) received
2024/10/05 01:31:08 [notice] 1#1: signal 17 (SIGCHLD) received from 9
2024/10/05 01:31:08 [notice] 1#1: worker process 9 exited with code 0
2024/10/05 01:31:08 [notice] 1#1: worker process 16 exited with code 0
2024/10/05 01:31:08 [notice] 1#1: worker process 17 exited with code 0
2024/10/05 01:31:08 [notice] 1#1: worker process 18 exited with code 0
2024/10/05 01:31:08 [notice] 1#1: signal 29 (SIGIO) received
2024/10/05 01:31:08 [notice] 1#1: signal 17 (SIGCHLD) received from 18
2024/10/05 01:31:08 [notice] 1#1: worker process 11 exited with code 0
2024/10/05 01:31:08 [notice] 1#1: signal 29 (SIGIO) received
2024/10/05 01:31:08 [notice] 1#1: signal 17 (SIGCHLD) received from 19
2024/10/05 01:31:08 [notice] 1#1: worker process 19 exited with code 0
2024/10/05 01:31:08 [notice] 1#1: signal 29 (SIGIO) received
2024/10/05 01:31:08 [notice] 1#1: signal 17 (SIGCHLD) received from 13
2024/10/05 01:31:08 [notice] 1#1: worker process 13 exited with code 0
2024/10/05 01:31:08 [notice] 1#1: exit
2024/10/05 01:31:19 [notice] 1#1: using the "epoll" event method
2024/10/05 01:31:19 [notice] 1#1: nginx/1.27.2
2024/10/05 01:31:19 [notice] 1#1: built by gcc 13.2.1 20240309 (Alpine 13.2.1_git20240309) 
2024/10/05 01:31:19 [notice] 1#1: OS: Linux 6.5.0-1027-oem
2024/10/05 01:31:19 [notice] 1#1: getrlimit(RLIMIT_NOFILE): 1048576:1048576
2024/10/05 01:31:19 [notice] 1#1: start worker processes
2024/10/05 01:31:19 [notice] 1#1: start worker process 8
2024/10/05 01:31:19 [notice] 1#1: start worker process 9
2024/10/05 01:31:19 [notice] 1#1: start worker process 10
2024/10/05 01:31:19 [notice] 1#1: start worker process 11
2024/10/05 01:31:19 [notice] 1#1: start worker process 12
2024/10/05 01:31:19 [notice] 1#1: start worker process 13
2024/10/05 01:31:19 [notice] 1#1: start worker process 14
2024/10/05 01:31:19 [notice] 1#1: start worker process 15
2024/10/05 01:31:19 [notice] 1#1: start worker process 16
2024/10/05 01:31:19 [notice] 1#1: start worker process 17
2024/10/05 01:31:19 [notice] 1#1: start worker process 18
2024/10/05 01:31:19 [notice] 1#1: start worker process 19
2024/10/05 01:44:59 [notice] 1#1: signal 3 (SIGQUIT) received, shutting down
2024/10/05 01:44:59 [notice] 8#8: gracefully shutting down
2024/10/05 01:44:59 [notice] 9#9: gracefully shutting down
2024/10/05 01:44:59 [notice] 12#12: gracefully shutting down
2024/10/05 01:44:59 [notice] 10#10: gracefully shutting down
2024/10/05 01:44:59 [notice] 11#11: gracefully shutting down
2024/10/05 01:44:59 [notice] 8#8: exiting
2024/10/05 01:44:59 [notice] 17#17: gracefully shutting down
2024/10/05 01:44:59 [notice] 9#9: exiting
2024/10/05 01:44:59 [notice] 14#14: gracefully shutting down
2024/10/05 01:44:59 [notice] 12#12: exiting
2024/10/05 01:44:59 [notice] 19#19: gracefully shutting down
2024/10/05 01:44:59 [notice] 10#10: exiting
2024/10/05 01:44:59 [notice] 11#11: exiting
2024/10/05 01:44:59 [notice] 17#17: exiting
2024/10/05 01:44:59 [notice] 14#14: exiting
2024/10/05 01:44:59 [notice] 19#19: exiting
2024/10/05 01:44:59 [notice] 13#13: gracefully shutting down
2024/10/05 01:44:59 [notice] 13#13: exiting
2024/10/05 01:44:59 [notice] 15#15: gracefully shutting down
2024/10/05 01:44:59 [notice] 15#15: exiting
2024/10/05 01:44:59 [notice] 9#9: exit
2024/10/05 01:44:59 [notice] 12#12: exit
2024/10/05 01:44:59 [notice] 11#11: exit
2024/10/05 01:44:59 [notice] 19#19: exit
2024/10/05 01:44:59 [notice] 14#14: exit
2024/10/05 01:44:59 [notice] 13#13: exit
2024/10/05 01:44:59 [notice] 10#10: exit
2024/10/05 01:44:59 [notice] 8#8: exit
2024/10/05 01:44:59 [notice] 17#17: exit
2024/10/05 01:44:59 [notice] 15#15: exit
2024/10/05 01:44:59 [notice] 16#16: gracefully shutting down
2024/10/05 01:44:59 [notice] 18#18: gracefully shutting down
2024/10/05 01:44:59 [notice] 16#16: exiting
2024/10/05 01:44:59 [notice] 18#18: exiting
2024/10/05 01:44:59 [notice] 16#16: exit
2024/10/05 01:44:59 [notice] 18#18: exit
2024/10/05 01:44:59 [notice] 1#1: signal 17 (SIGCHLD) received from 19
2024/10/05 01:44:59 [notice] 1#1: worker process 14 exited with code 0
2024/10/05 01:44:59 [notice] 1#1: worker process 18 exited with code 0
2024/10/05 01:44:59 [notice] 1#1: worker process 19 exited with code 0
2024/10/05 01:44:59 [notice] 1#1: signal 29 (SIGIO) received
2024/10/05 01:44:59 [notice] 1#1: signal 17 (SIGCHLD) received from 14
2024/10/05 01:44:59 [notice] 1#1: signal 17 (SIGCHLD) received from 8
2024/10/05 01:44:59 [notice] 1#1: worker process 8 exited with code 0
2024/10/05 01:44:59 [notice] 1#1: signal 29 (SIGIO) received
2024/10/05 01:44:59 [notice] 1#1: signal 17 (SIGCHLD) received from 12
2024/10/05 01:44:59 [notice] 1#1: worker process 12 exited with code 0
2024/10/05 01:44:59 [notice] 1#1: worker process 10 exited with code 0
2024/10/05 01:44:59 [notice] 1#1: signal 29 (SIGIO) received
2024/10/05 01:44:59 [notice] 1#1: signal 17 (SIGCHLD) received from 10
2024/10/05 01:44:59 [notice] 1#1: signal 17 (SIGCHLD) received from 16
2024/10/05 01:44:59 [notice] 1#1: worker process 9 exited with code 0
2024/10/05 01:44:59 [notice] 1#1: worker process 11 exited with code 0
2024/10/05 01:44:59 [notice] 1#1: worker process 16 exited with code 0
2024/10/05 01:44:59 [notice] 1#1: worker process 17 exited with code 0
2024/10/05 01:44:59 [notice] 1#1: signal 29 (SIGIO) received
2024/10/05 01:44:59 [notice] 1#1: signal 17 (SIGCHLD) received from 11
2024/10/05 01:44:59 [notice] 1#1: worker process 15 exited with code 0
2024/10/05 01:44:59 [notice] 1#1: signal 29 (SIGIO) received
2024/10/05 01:44:59 [notice] 1#1: signal 17 (SIGCHLD) received from 13
2024/10/05 01:44:59 [notice] 1#1: worker process 13 exited with code 0
2024/10/05 01:44:59 [notice] 1#1: exit
2024/10/05 01:45:15 [notice] 1#1: using the "epoll" event method
2024/10/05 01:45:15 [notice] 1#1: nginx/1.27.2
2024/10/05 01:45:15 [notice] 1#1: built by gcc 13.2.1 20240309 (Alpine 13.2.1_git20240309) 
2024/10/05 01:45:15 [notice] 1#1: OS: Linux 6.5.0-1027-oem
2024/10/05 01:45:15 [notice] 1#1: getrlimit(RLIMIT_NOFILE): 1048576:1048576
2024/10/05 01:45:15 [notice] 1#1: start worker processes
2024/10/05 01:45:15 [notice] 1#1: start worker process 9
2024/10/05 01:45:15 [notice] 1#1: start worker process 10
2024/10/05 01:45:15 [notice] 1#1: start worker process 11
2024/10/05 01:45:15 [notice] 1#1: start worker process 12
2024/10/05 01:45:15 [notice] 1#1: start worker process 13
2024/10/05 01:45:15 [notice] 1#1: start worker process 14
2024/10/05 01:45:15 [notice] 1#1: start worker process 15
2024/10/05 01:45:15 [notice] 1#1: start worker process 16
2024/10/05 01:45:15 [notice] 1#1: start worker process 17
2024/10/05 01:45:15 [notice] 1#1: start worker process 18
2024/10/05 01:45:15 [notice] 1#1: start worker process 19
2024/10/05 01:45:15 [notice] 1#1: start worker process 20
2024/10/05 01:47:53 [notice] 1#1: signal 3 (SIGQUIT) received, shutting down
2024/10/05 01:47:53 [notice] 9#9: gracefully shutting down
2024/10/05 01:47:53 [notice] 10#10: gracefully shutting down
2024/10/05 01:47:53 [notice] 11#11: gracefully shutting down
2024/10/05 01:47:53 [notice] 13#13: gracefully shutting down
2024/10/05 01:47:53 [notice] 12#12: gracefully shutting down
2024/10/05 01:47:53 [notice] 14#14: gracefully shutting down
2024/10/05 01:47:53 [notice] 15#15: gracefully shutting down
2024/10/05 01:47:53 [notice] 17#17: gracefully shutting down
2024/10/05 01:47:53 [notice] 16#16: gracefully shutting down
2024/10/05 01:47:53 [notice] 9#9: exiting
2024/10/05 01:47:53 [notice] 18#18: gracefully shutting down
2024/10/05 01:47:53 [notice] 10#10: exiting
2024/10/05 01:47:53 [notice] 11#11: exiting
2024/10/05 01:47:53 [notice] 13#13: exiting
2024/10/05 01:47:53 [notice] 12#12: exiting
2024/10/05 01:47:53 [notice] 14#14: exiting
2024/10/05 01:47:53 [notice] 15#15: exiting
2024/10/05 01:47:53 [notice] 20#20: gracefully shutting down
2024/10/05 01:47:53 [notice] 17#17: exiting
2024/10/05 01:47:53 [notice] 16#16: exiting
2024/10/05 01:47:53 [notice] 18#18: exiting
2024/10/05 01:47:53 [notice] 20#20: exiting
2024/10/05 01:47:53 [notice] 15#15: exit
2024/10/05 01:47:53 [notice] 17#17: exit
2024/10/05 01:47:53 [notice] 18#18: exit
2024/10/05 01:47:53 [notice] 16#16: exit
2024/10/05 01:47:53 [notice] 11#11: exit
2024/10/05 01:47:53 [notice] 19#19: gracefully shutting down
2024/10/05 01:47:53 [notice] 10#10: exit
2024/10/05 01:47:53 [notice] 20#20: exit
2024/10/05 01:47:53 [notice] 14#14: exit
2024/10/05 01:47:53 [notice] 12#12: exit
2024/10/05 01:47:53 [notice] 9#9: exit
2024/10/05 01:47:53 [notice] 13#13: exit
2024/10/05 01:47:53 [notice] 19#19: exiting
2024/10/05 01:47:53 [notice] 19#19: exit
2024/10/05 01:47:53 [notice] 1#1: signal 17 (SIGCHLD) received from 16
2024/10/05 01:47:53 [notice] 1#1: worker process 9 exited with code 0
2024/10/05 01:47:53 [notice] 1#1: worker process 16 exited with code 0
2024/10/05 01:47:53 [notice] 1#1: signal 29 (SIGIO) received
2024/10/05 01:47:53 [notice] 1#1: signal 17 (SIGCHLD) received from 9
2024/10/05 01:47:53 [notice] 1#1: worker process 10 exited with code 0
2024/10/05 01:47:53 [notice] 1#1: worker process 15 exited with code 0
2024/10/05 01:47:53 [notice] 1#1: signal 29 (SIGIO) received
2024/10/05 01:47:53 [notice] 1#1: signal 17 (SIGCHLD) received from 12
2024/10/05 01:47:53 [notice] 1#1: worker process 12 exited with code 0
2024/10/05 01:47:53 [notice] 1#1: signal 29 (SIGIO) received
2024/10/05 01:47:53 [notice] 1#1: signal 17 (SIGCHLD) received from 17
2024/10/05 01:47:53 [notice] 1#1: worker process 17 exited with code 0
2024/10/05 01:47:53 [notice] 1#1: signal 29 (SIGIO) received
2024/10/05 01:47:53 [notice] 1#1: signal 17 (SIGCHLD) received from 14
2024/10/05 01:47:53 [notice] 1#1: worker process 14 exited with code 0
2024/10/05 01:47:53 [notice] 1#1: signal 29 (SIGIO) received
2024/10/05 01:47:53 [notice] 1#1: signal 17 (SIGCHLD) received from 13
2024/10/05 01:47:53 [notice] 1#1: worker process 13 exited with code 0
2024/10/05 01:47:53 [notice] 1#1: worker process 19 exited with code 0
2024/10/05 01:47:53 [notice] 1#1: worker process 20 exited with code 0
2024/10/05 01:47:53 [notice] 1#1: signal 29 (SIGIO) received
2024/10/05 01:47:53 [notice] 1#1: signal 17 (SIGCHLD) received from 19
2024/10/05 01:47:53 [notice] 1#1: signal 17 (SIGCHLD) received from 18
2024/10/05 01:47:53 [notice] 1#1: worker process 18 exited with code 0
2024/10/05 01:47:53 [notice] 1#1: signal 29 (SIGIO) received
2024/10/05 01:47:53 [notice] 1#1: signal 17 (SIGCHLD) received from 11
2024/10/05 01:47:53 [notice] 1#1: worker process 11 exited with code 0
2024/10/05 01:47:53 [notice] 1#1: exit
2024/10/05 01:48:12 [notice] 1#1: using the "epoll" event method
2024/10/05 01:48:12 [notice] 1#1: nginx/1.27.2
2024/10/05 01:48:12 [notice] 1#1: built by gcc 13.2.1 20240309 (Alpine 13.2.1_git20240309) 
2024/10/05 01:48:12 [notice] 1#1: OS: Linux 6.5.0-1027-oem
2024/10/05 01:48:12 [notice] 1#1: getrlimit(RLIMIT_NOFILE): 1048576:1048576
2024/10/05 01:48:12 [notice] 1#1: start worker processes
2024/10/05 01:48:12 [notice] 1#1: start worker process 8
2024/10/05 01:48:12 [notice] 1#1: start worker process 9
2024/10/05 01:48:12 [notice] 1#1: start worker process 10
2024/10/05 01:48:12 [notice] 1#1: start worker process 11
2024/10/05 01:48:12 [notice] 1#1: start worker process 12
2024/10/05 01:48:12 [notice] 1#1: start worker process 13
2024/10/05 01:48:12 [notice] 1#1: start worker process 14
2024/10/05 01:48:12 [notice] 1#1: start worker process 15
2024/10/05 01:48:12 [notice] 1#1: start worker process 16
2024/10/05 01:48:12 [notice] 1#1: start worker process 17
2024/10/05 01:48:12 [notice] 1#1: start worker process 18
2024/10/05 01:48:12 [notice] 1#1: start worker process 19
2024/10/05 01:51:49 [notice] 1#1: signal 3 (SIGQUIT) received, shutting down
2024/10/05 01:51:49 [notice] 9#9: gracefully shutting down
2024/10/05 01:51:49 [notice] 11#11: gracefully shutting down
2024/10/05 01:51:49 [notice] 13#13: gracefully shutting down
2024/10/05 01:51:49 [notice] 8#8: gracefully shutting down
2024/10/05 01:51:49 [notice] 12#12: gracefully shutting down
2024/10/05 01:51:49 [notice] 10#10: gracefully shutting down
2024/10/05 01:51:49 [notice] 14#14: gracefully shutting down
2024/10/05 01:51:49 [notice] 17#17: gracefully shutting down
2024/10/05 01:51:49 [notice] 9#9: exiting
2024/10/05 01:51:49 [notice] 11#11: exiting
2024/10/05 01:51:49 [notice] 19#19: gracefully shutting down
2024/10/05 01:51:49 [notice] 16#16: gracefully shutting down
2024/10/05 01:51:49 [notice] 13#13: exiting
2024/10/05 01:51:49 [notice] 8#8: exiting
2024/10/05 01:51:49 [notice] 12#12: exiting
2024/10/05 01:51:49 [notice] 10#10: exiting
2024/10/05 01:51:49 [notice] 14#14: exiting
2024/10/05 01:51:49 [notice] 17#17: exiting
2024/10/05 01:51:49 [notice] 19#19: exiting
2024/10/05 01:51:49 [notice] 16#16: exiting
2024/10/05 01:51:49 [notice] 15#15: gracefully shutting down
2024/10/05 01:51:49 [notice] 15#15: exiting
2024/10/05 01:51:49 [notice] 14#14: exit
2024/10/05 01:51:49 [notice] 16#16: exit
2024/10/05 01:51:49 [notice] 11#11: exit
2024/10/05 01:51:49 [notice] 10#10: exit
2024/10/05 01:51:49 [notice] 17#17: exit
2024/10/05 01:51:49 [notice] 8#8: exit
2024/10/05 01:51:49 [notice] 12#12: exit
2024/10/05 01:51:49 [notice] 13#13: exit
2024/10/05 01:51:49 [notice] 9#9: exit
2024/10/05 01:51:49 [notice] 15#15: exit
2024/10/05 01:51:49 [notice] 18#18: gracefully shutting down
2024/10/05 01:51:49 [notice] 18#18: exiting
2024/10/05 01:51:49 [notice] 18#18: exit
2024/10/05 01:51:49 [notice] 19#19: exit
2024/10/05 01:51:49 [notice] 1#1: signal 17 (SIGCHLD) received from 9
2024/10/05 01:51:49 [notice] 1#1: worker process 9 exited with code 0
2024/10/05 01:51:49 [notice] 1#1: signal 29 (SIGIO) received
2024/10/05 01:51:49 [notice] 1#1: signal 17 (SIGCHLD) received from 13
2024/10/05 01:51:49 [notice] 1#1: worker process 11 exited with code 0
2024/10/05 01:51:49 [notice] 1#1: worker process 13 exited with code 0
2024/10/05 01:51:49 [notice] 1#1: signal 29 (SIGIO) received
2024/10/05 01:51:49 [notice] 1#1: signal 17 (SIGCHLD) received from 14
2024/10/05 01:51:49 [notice] 1#1: worker process 14 exited with code 0
2024/10/05 01:51:49 [notice] 1#1: signal 29 (SIGIO) received
2024/10/05 01:51:49 [notice] 1#1: signal 17 (SIGCHLD) received from 15
2024/10/05 01:51:49 [notice] 1#1: worker process 15 exited with code 0
2024/10/05 01:51:49 [notice] 1#1: signal 29 (SIGIO) received
2024/10/05 01:51:49 [notice] 1#1: signal 17 (SIGCHLD) received from 19
2024/10/05 01:51:49 [notice] 1#1: worker process 12 exited with code 0
2024/10/05 01:51:49 [notice] 1#1: worker process 19 exited with code 0
2024/10/05 01:51:49 [notice] 1#1: signal 29 (SIGIO) received
2024/10/05 01:51:49 [notice] 1#1: signal 17 (SIGCHLD) received from 12
2024/10/05 01:51:49 [notice] 1#1: signal 17 (SIGCHLD) received from 16
2024/10/05 01:51:49 [notice] 1#1: worker process 16 exited with code 0
2024/10/05 01:51:49 [notice] 1#1: signal 29 (SIGIO) received
2024/10/05 01:51:49 [notice] 1#1: signal 17 (SIGCHLD) received from 17
2024/10/05 01:51:49 [notice] 1#1: worker process 17 exited with code 0
2024/10/05 01:51:49 [notice] 1#1: signal 29 (SIGIO) received
2024/10/05 01:51:49 [notice] 1#1: signal 17 (SIGCHLD) received from 8
2024/10/05 01:51:49 [notice] 1#1: worker process 8 exited with code 0
2024/10/05 01:51:49 [notice] 1#1: signal 29 (SIGIO) received
2024/10/05 01:51:49 [notice] 1#1: signal 17 (SIGCHLD) received from 18
2024/10/05 01:51:49 [notice] 1#1: worker process 18 exited with code 0
2024/10/05 01:51:49 [notice] 1#1: signal 29 (SIGIO) received
2024/10/05 01:51:49 [notice] 1#1: signal 17 (SIGCHLD) received from 10
2024/10/05 01:51:49 [notice] 1#1: worker process 10 exited with code 0
2024/10/05 01:51:49 [notice] 1#1: exit
2024/10/05 01:51:57 [notice] 1#1: using the "epoll" event method
2024/10/05 01:51:57 [notice] 1#1: nginx/1.27.2
2024/10/05 01:51:57 [notice] 1#1: built by gcc 13.2.1 20240309 (Alpine 13.2.1_git20240309) 
2024/10/05 01:51:57 [notice] 1#1: OS: Linux 6.5.0-1027-oem
2024/10/05 01:51:57 [notice] 1#1: getrlimit(RLIMIT_NOFILE): 1048576:1048576
2024/10/05 01:51:57 [notice] 1#1: start worker processes
2024/10/05 01:51:57 [notice] 1#1: start worker process 8
2024/10/05 01:51:57 [notice] 1#1: start worker process 9
2024/10/05 01:51:57 [notice] 1#1: start worker process 10
2024/10/05 01:51:57 [notice] 1#1: start worker process 11
2024/10/05 01:51:57 [notice] 1#1: start worker process 12
2024/10/05 01:51:57 [notice] 1#1: start worker process 13
2024/10/05 01:51:57 [notice] 1#1: start worker process 14
2024/10/05 01:51:57 [notice] 1#1: start worker process 15
2024/10/05 01:51:57 [notice] 1#1: start worker process 16
2024/10/05 01:51:57 [notice] 1#1: start worker process 17
2024/10/05 01:51:57 [notice] 1#1: start worker process 18
2024/10/05 01:51:57 [notice] 1#1: start worker process 19
2024/10/05 01:55:12 [notice] 1#1: signal 3 (SIGQUIT) received, shutting down
2024/10/05 01:55:12 [notice] 10#10: gracefully shutting down
2024/10/05 01:55:12 [notice] 11#11: gracefully shutting down
2024/10/05 01:55:12 [notice] 8#8: gracefully shutting down
2024/10/05 01:55:12 [notice] 12#12: gracefully shutting down
2024/10/05 01:55:12 [notice] 13#13: gracefully shutting down
2024/10/05 01:55:12 [notice] 14#14: gracefully shutting down
2024/10/05 01:55:12 [notice] 10#10: exiting
2024/10/05 01:55:12 [notice] 16#16: gracefully shutting down
2024/10/05 01:55:12 [notice] 11#11: exiting
2024/10/05 01:55:12 [notice] 19#19: gracefully shutting down
2024/10/05 01:55:12 [notice] 8#8: exiting
2024/10/05 01:55:12 [notice] 12#12: exiting
2024/10/05 01:55:12 [notice] 13#13: exiting
2024/10/05 01:55:12 [notice] 14#14: exiting
2024/10/05 01:55:12 [notice] 16#16: exiting
2024/10/05 01:55:12 [notice] 19#19: exiting
2024/10/05 01:55:12 [notice] 10#10: exit
2024/10/05 01:55:12 [notice] 12#12: exit
2024/10/05 01:55:12 [notice] 19#19: exit
2024/10/05 01:55:12 [notice] 16#16: exit
2024/10/05 01:55:12 [notice] 14#14: exit
2024/10/05 01:55:12 [notice] 8#8: exit
2024/10/05 01:55:12 [notice] 13#13: exit
2024/10/05 01:55:12 [notice] 11#11: exit
2024/10/05 01:55:12 [notice] 15#15: gracefully shutting down
2024/10/05 01:55:12 [notice] 17#17: gracefully shutting down
2024/10/05 01:55:12 [notice] 9#9: gracefully shutting down
2024/10/05 01:55:12 [notice] 17#17: exiting
2024/10/05 01:55:12 [notice] 15#15: exiting
2024/10/05 01:55:12 [notice] 9#9: exiting
2024/10/05 01:55:12 [notice] 18#18: gracefully shutting down
2024/10/05 01:55:12 [notice] 18#18: exiting
2024/10/05 01:55:12 [notice] 17#17: exit
2024/10/05 01:55:12 [notice] 15#15: exit
2024/10/05 01:55:12 [notice] 9#9: exit
2024/10/05 01:55:12 [notice] 18#18: exit
2024/10/05 01:55:12 [notice] 1#1: signal 17 (SIGCHLD) received from 19
2024/10/05 01:55:12 [notice] 1#1: worker process 10 exited with code 0
2024/10/05 01:55:12 [notice] 1#1: worker process 19 exited with code 0
2024/10/05 01:55:12 [notice] 1#1: signal 29 (SIGIO) received
2024/10/05 01:55:12 [notice] 1#1: signal 17 (SIGCHLD) received from 10
2024/10/05 01:55:12 [notice] 1#1: worker process 17 exited with code 0
2024/10/05 01:55:12 [notice] 1#1: signal 29 (SIGIO) received
2024/10/05 01:55:12 [notice] 1#1: signal 17 (SIGCHLD) received from 17
2024/10/05 01:55:12 [notice] 1#1: signal 17 (SIGCHLD) received from 11
2024/10/05 01:55:12 [notice] 1#1: worker process 11 exited with code 0
2024/10/05 01:55:12 [notice] 1#1: signal 29 (SIGIO) received
2024/10/05 01:55:12 [notice] 1#1: signal 17 (SIGCHLD) received from 14
2024/10/05 01:55:12 [notice] 1#1: worker process 14 exited with code 0
2024/10/05 01:55:12 [notice] 1#1: signal 29 (SIGIO) received
2024/10/05 01:55:12 [notice] 1#1: signal 17 (SIGCHLD) received from 12
2024/10/05 01:55:12 [notice] 1#1: worker process 12 exited with code 0
2024/10/05 01:55:12 [notice] 1#1: signal 29 (SIGIO) received
2024/10/05 01:55:12 [notice] 1#1: signal 17 (SIGCHLD) received from 13
2024/10/05 01:55:12 [notice] 1#1: worker process 8 exited with code 0
2024/10/05 01:55:12 [notice] 1#1: worker process 13 exited with code 0
2024/10/05 01:55:12 [notice] 1#1: signal 29 (SIGIO) received
2024/10/05 01:55:12 [notice] 1#1: signal 17 (SIGCHLD) received from 8
2024/10/05 01:55:12 [notice] 1#1: signal 17 (SIGCHLD) received from 18
2024/10/05 01:55:12 [notice] 1#1: worker process 18 exited with code 0
2024/10/05 01:55:12 [notice] 1#1: signal 29 (SIGIO) received
2024/10/05 01:55:12 [notice] 1#1: signal 17 (SIGCHLD) received from 15
2024/10/05 01:55:12 [notice] 1#1: worker process 9 exited with code 0
2024/10/05 01:55:12 [notice] 1#1: worker process 15 exited with code 0
2024/10/05 01:55:12 [notice] 1#1: worker process 16 exited with code 0
2024/10/05 01:55:12 [notice] 1#1: exit
2024/10/05 01:55:19 [notice] 1#1: using the "epoll" event method
2024/10/05 01:55:19 [notice] 1#1: nginx/1.27.2
2024/10/05 01:55:19 [notice] 1#1: built by gcc 13.2.1 20240309 (Alpine 13.2.1_git20240309) 
2024/10/05 01:55:19 [notice] 1#1: OS: Linux 6.5.0-1027-oem
2024/10/05 01:55:19 [notice] 1#1: getrlimit(RLIMIT_NOFILE): 1048576:1048576
2024/10/05 01:55:19 [notice] 1#1: start worker processes
2024/10/05 01:55:19 [notice] 1#1: start worker process 8
2024/10/05 01:55:19 [notice] 1#1: start worker process 9
2024/10/05 01:55:19 [notice] 1#1: start worker process 10
2024/10/05 01:55:19 [notice] 1#1: start worker process 11
2024/10/05 01:55:19 [notice] 1#1: start worker process 12
2024/10/05 01:55:19 [notice] 1#1: start worker process 13
2024/10/05 01:55:19 [notice] 1#1: start worker process 14
2024/10/05 01:55:19 [notice] 1#1: start worker process 15
2024/10/05 01:55:19 [notice] 1#1: start worker process 16
2024/10/05 01:55:19 [notice] 1#1: start worker process 17
2024/10/05 01:55:19 [notice] 1#1: start worker process 18
2024/10/05 01:55:19 [notice] 1#1: start worker process 19
2024/10/05 01:59:07 [notice] 1#1: signal 3 (SIGQUIT) received, shutting down
2024/10/05 01:59:07 [notice] 9#9: gracefully shutting down
2024/10/05 01:59:07 [notice] 10#10: gracefully shutting down
2024/10/05 01:59:07 [notice] 12#12: gracefully shutting down
2024/10/05 01:59:07 [notice] 9#9: exiting
2024/10/05 01:59:07 [notice] 8#8: gracefully shutting down
2024/10/05 01:59:07 [notice] 14#14: gracefully shutting down
2024/10/05 01:59:07 [notice] 13#13: gracefully shutting down
2024/10/05 01:59:07 [notice] 11#11: gracefully shutting down
2024/10/05 01:59:07 [notice] 15#15: gracefully shutting down
2024/10/05 01:59:07 [notice] 10#10: exiting
2024/10/05 01:59:07 [notice] 18#18: gracefully shutting down
2024/10/05 01:59:07 [notice] 12#12: exiting
2024/10/05 01:59:07 [notice] 8#8: exiting
2024/10/05 01:59:07 [notice] 16#16: gracefully shutting down
2024/10/05 01:59:07 [notice] 14#14: exiting
2024/10/05 01:59:07 [notice] 13#13: exiting
2024/10/05 01:59:07 [notice] 11#11: exiting
2024/10/05 01:59:07 [notice] 15#15: exiting
2024/10/05 01:59:07 [notice] 18#18: exiting
2024/10/05 01:59:07 [notice] 16#16: exiting
2024/10/05 01:59:07 [notice] 17#17: gracefully shutting down
2024/10/05 01:59:07 [notice] 9#9: exit
2024/10/05 01:59:07 [notice] 17#17: exiting
2024/10/05 01:59:07 [notice] 8#8: exit
2024/10/05 01:59:07 [notice] 12#12: exit
2024/10/05 01:59:07 [notice] 14#14: exit
2024/10/05 01:59:07 [notice] 10#10: exit
2024/10/05 01:59:07 [notice] 11#11: exit
2024/10/05 01:59:07 [notice] 16#16: exit
2024/10/05 01:59:07 [notice] 18#18: exit
2024/10/05 01:59:07 [notice] 13#13: exit
2024/10/05 01:59:07 [notice] 15#15: exit
2024/10/05 01:59:07 [notice] 19#19: gracefully shutting down
2024/10/05 01:59:07 [notice] 19#19: exiting
2024/10/05 01:59:07 [notice] 17#17: exit
2024/10/05 01:59:07 [notice] 19#19: exit
2024/10/05 01:59:07 [notice] 1#1: signal 17 (SIGCHLD) received from 16
2024/10/05 01:59:07 [notice] 1#1: worker process 16 exited with code 0
2024/10/05 01:59:07 [notice] 1#1: signal 29 (SIGIO) received
2024/10/05 01:59:07 [notice] 1#1: signal 17 (SIGCHLD) received from 9
2024/10/05 01:59:07 [notice] 1#1: worker process 9 exited with code 0
2024/10/05 01:59:07 [notice] 1#1: signal 29 (SIGIO) received
2024/10/05 01:59:07 [notice] 1#1: signal 17 (SIGCHLD) received from 12
2024/10/05 01:59:07 [notice] 1#1: worker process 12 exited with code 0
2024/10/05 01:59:07 [notice] 1#1: worker process 14 exited with code 0
2024/10/05 01:59:07 [notice] 1#1: worker process 19 exited with code 0
2024/10/05 01:59:07 [notice] 1#1: signal 29 (SIGIO) received
2024/10/05 01:59:07 [notice] 1#1: signal 17 (SIGCHLD) received from 14
2024/10/05 01:59:07 [notice] 1#1: signal 17 (SIGCHLD) received from 13
2024/10/05 01:59:07 [notice] 1#1: worker process 13 exited with code 0
2024/10/05 01:59:07 [notice] 1#1: worker process 11 exited with code 0
2024/10/05 01:59:07 [notice] 1#1: worker process 15 exited with code 0
2024/10/05 01:59:07 [notice] 1#1: worker process 17 exited with code 0
2024/10/05 01:59:07 [notice] 1#1: signal 29 (SIGIO) received
2024/10/05 01:59:07 [notice] 1#1: signal 17 (SIGCHLD) received from 11
2024/10/05 01:59:07 [notice] 1#1: signal 17 (SIGCHLD) received from 8
2024/10/05 01:59:07 [notice] 1#1: worker process 8 exited with code 0
2024/10/05 01:59:07 [notice] 1#1: signal 29 (SIGIO) received
2024/10/05 01:59:07 [notice] 1#1: signal 17 (SIGCHLD) received from 10
2024/10/05 01:59:07 [notice] 1#1: worker process 10 exited with code 0
2024/10/05 01:59:07 [notice] 1#1: signal 29 (SIGIO) received
2024/10/05 01:59:07 [notice] 1#1: signal 17 (SIGCHLD) received from 18
2024/10/05 01:59:07 [notice] 1#1: worker process 18 exited with code 0
2024/10/05 01:59:07 [notice] 1#1: exit
2024/10/05 01:59:15 [notice] 1#1: using the "epoll" event method
2024/10/05 01:59:15 [notice] 1#1: nginx/1.27.2
2024/10/05 01:59:15 [notice] 1#1: built by gcc 13.2.1 20240309 (Alpine 13.2.1_git20240309) 
2024/10/05 01:59:15 [notice] 1#1: OS: Linux 6.5.0-1027-oem
2024/10/05 01:59:15 [notice] 1#1: getrlimit(RLIMIT_NOFILE): 1048576:1048576
2024/10/05 01:59:15 [notice] 1#1: start worker processes
2024/10/05 01:59:15 [notice] 1#1: start worker process 8
2024/10/05 01:59:15 [notice] 1#1: start worker process 9
2024/10/05 01:59:15 [notice] 1#1: start worker process 10
2024/10/05 01:59:15 [notice] 1#1: start worker process 11
2024/10/05 01:59:15 [notice] 1#1: start worker process 12
2024/10/05 01:59:15 [notice] 1#1: start worker process 13
2024/10/05 01:59:15 [notice] 1#1: start worker process 14
2024/10/05 01:59:15 [notice] 1#1: start worker process 15
2024/10/05 01:59:15 [notice] 1#1: start worker process 16
2024/10/05 01:59:15 [notice] 1#1: start worker process 17
2024/10/05 01:59:15 [notice] 1#1: start worker process 18
2024/10/05 01:59:15 [notice] 1#1: start worker process 19
2024/10/05 01:59:58 [notice] 1#1: signal 3 (SIGQUIT) received, shutting down
2024/10/05 01:59:58 [notice] 8#8: gracefully shutting down
2024/10/05 01:59:58 [notice] 10#10: gracefully shutting down
2024/10/05 01:59:58 [notice] 9#9: gracefully shutting down
2024/10/05 01:59:58 [notice] 12#12: gracefully shutting down
2024/10/05 01:59:58 [notice] 13#13: gracefully shutting down
2024/10/05 01:59:58 [notice] 8#8: exiting
2024/10/05 01:59:58 [notice] 11#11: gracefully shutting down
2024/10/05 01:59:58 [notice] 10#10: exiting
2024/10/05 01:59:58 [notice] 14#14: gracefully shutting down
2024/10/05 01:59:58 [notice] 9#9: exiting
2024/10/05 01:59:58 [notice] 12#12: exiting
2024/10/05 01:59:58 [notice] 13#13: exiting
2024/10/05 01:59:58 [notice] 11#11: exiting
2024/10/05 01:59:58 [notice] 14#14: exiting
2024/10/05 01:59:58 [notice] 15#15: gracefully shutting down
2024/10/05 01:59:58 [notice] 15#15: exiting
2024/10/05 01:59:58 [notice] 16#16: gracefully shutting down
2024/10/05 01:59:58 [notice] 16#16: exiting
2024/10/05 01:59:58 [notice] 17#17: gracefully shutting down
2024/10/05 01:59:58 [notice] 17#17: exiting
2024/10/05 01:59:58 [notice] 18#18: gracefully shutting down
2024/10/05 01:59:58 [notice] 18#18: exiting
2024/10/05 01:59:58 [notice] 9#9: exit
2024/10/05 01:59:58 [notice] 8#8: exit
2024/10/05 01:59:58 [notice] 14#14: exit
2024/10/05 01:59:58 [notice] 13#13: exit
2024/10/05 01:59:58 [notice] 12#12: exit
2024/10/05 01:59:58 [notice] 15#15: exit
2024/10/05 01:59:58 [notice] 16#16: exit
2024/10/05 01:59:58 [notice] 10#10: exit
2024/10/05 01:59:58 [notice] 17#17: exit
2024/10/05 01:59:58 [notice] 18#18: exit
2024/10/05 01:59:58 [notice] 19#19: gracefully shutting down
2024/10/05 01:59:58 [notice] 19#19: exiting
2024/10/05 01:59:58 [notice] 19#19: exit
2024/10/05 01:59:58 [notice] 11#11: exit
2024/10/05 01:59:58 [notice] 1#1: signal 17 (SIGCHLD) received from 18
2024/10/05 01:59:58 [notice] 1#1: worker process 18 exited with code 0
2024/10/05 01:59:58 [notice] 1#1: signal 29 (SIGIO) received
2024/10/05 01:59:58 [notice] 1#1: signal 17 (SIGCHLD) received from 9
2024/10/05 01:59:58 [notice] 1#1: worker process 9 exited with code 0
2024/10/05 01:59:58 [notice] 1#1: signal 29 (SIGIO) received
2024/10/05 01:59:58 [notice] 1#1: signal 17 (SIGCHLD) received from 17
2024/10/05 01:59:58 [notice] 1#1: worker process 17 exited with code 0
2024/10/05 01:59:58 [notice] 1#1: signal 29 (SIGIO) received
2024/10/05 01:59:58 [notice] 1#1: signal 17 (SIGCHLD) received from 15
2024/10/05 01:59:58 [notice] 1#1: worker process 15 exited with code 0
2024/10/05 01:59:58 [notice] 1#1: worker process 8 exited with code 0
2024/10/05 01:59:58 [notice] 1#1: worker process 19 exited with code 0
2024/10/05 01:59:58 [notice] 1#1: signal 29 (SIGIO) received
2024/10/05 01:59:58 [notice] 1#1: signal 17 (SIGCHLD) received from 19
2024/10/05 01:59:58 [notice] 1#1: signal 17 (SIGCHLD) received from 11
2024/10/05 01:59:58 [notice] 1#1: worker process 11 exited with code 0
2024/10/05 01:59:58 [notice] 1#1: worker process 12 exited with code 0
2024/10/05 01:59:58 [notice] 1#1: worker process 13 exited with code 0
2024/10/05 01:59:58 [notice] 1#1: signal 29 (SIGIO) received
2024/10/05 01:59:58 [notice] 1#1: signal 17 (SIGCHLD) received from 13
2024/10/05 01:59:58 [notice] 1#1: worker process 16 exited with code 0
2024/10/05 01:59:58 [notice] 1#1: signal 29 (SIGIO) received
2024/10/05 01:59:58 [notice] 1#1: signal 17 (SIGCHLD) received from 10
2024/10/05 01:59:58 [notice] 1#1: worker process 10 exited with code 0
2024/10/05 01:59:58 [notice] 1#1: signal 29 (SIGIO) received
2024/10/05 01:59:58 [notice] 1#1: signal 17 (SIGCHLD) received from 14
2024/10/05 01:59:58 [notice] 1#1: worker process 14 exited with code 0
2024/10/05 01:59:58 [notice] 1#1: exit
2024/10/05 02:00:05 [notice] 1#1: using the "epoll" event method
2024/10/05 02:00:05 [notice] 1#1: nginx/1.27.2
2024/10/05 02:00:05 [notice] 1#1: built by gcc 13.2.1 20240309 (Alpine 13.2.1_git20240309) 
2024/10/05 02:00:05 [notice] 1#1: OS: Linux 6.5.0-1027-oem
2024/10/05 02:00:05 [notice] 1#1: getrlimit(RLIMIT_NOFILE): 1048576:1048576
2024/10/05 02:00:05 [notice] 1#1: start worker processes
2024/10/05 02:00:05 [notice] 1#1: start worker process 8
2024/10/05 02:00:05 [notice] 1#1: start worker process 9
2024/10/05 02:00:05 [notice] 1#1: start worker process 10
2024/10/05 02:00:05 [notice] 1#1: start worker process 11
2024/10/05 02:00:05 [notice] 1#1: start worker process 12
2024/10/05 02:00:05 [notice] 1#1: start worker process 13
2024/10/05 02:00:05 [notice] 1#1: start worker process 14
2024/10/05 02:00:05 [notice] 1#1: start worker process 15
2024/10/05 02:00:05 [notice] 1#1: start worker process 16
2024/10/05 02:00:05 [notice] 1#1: start worker process 17
2024/10/05 02:00:05 [notice] 1#1: start worker process 18
2024/10/05 02:00:05 [notice] 1#1: start worker process 19
2024/10/05 02:02:38 [notice] 1#1: signal 3 (SIGQUIT) received, shutting down
2024/10/05 02:02:38 [notice] 8#8: gracefully shutting down
2024/10/05 02:02:38 [notice] 13#13: gracefully shutting down
2024/10/05 02:02:38 [notice] 10#10: gracefully shutting down
2024/10/05 02:02:38 [notice] 14#14: gracefully shutting down
2024/10/05 02:02:38 [notice] 16#16: gracefully shutting down
2024/10/05 02:02:38 [notice] 8#8: exiting
2024/10/05 02:02:38 [notice] 11#11: gracefully shutting down
2024/10/05 02:02:38 [notice] 18#18: gracefully shutting down
2024/10/05 02:02:38 [notice] 13#13: exiting
2024/10/05 02:02:38 [notice] 12#12: gracefully shutting down
2024/10/05 02:02:38 [notice] 10#10: exiting
2024/10/05 02:02:38 [notice] 14#14: exiting
2024/10/05 02:02:38 [notice] 16#16: exiting
2024/10/05 02:02:38 [notice] 11#11: exiting
2024/10/05 02:02:38 [notice] 18#18: exiting
2024/10/05 02:02:38 [notice] 12#12: exiting
2024/10/05 02:02:38 [notice] 17#17: gracefully shutting down
2024/10/05 02:02:38 [notice] 17#17: exiting
2024/10/05 02:02:38 [notice] 15#15: gracefully shutting down
2024/10/05 02:02:38 [notice] 15#15: exiting
2024/10/05 02:02:38 [notice] 8#8: exit
2024/10/05 02:02:38 [notice] 11#11: exit
2024/10/05 02:02:38 [notice] 10#10: exit
2024/10/05 02:02:38 [notice] 18#18: exit
2024/10/05 02:02:38 [notice] 12#12: exit
2024/10/05 02:02:38 [notice] 16#16: exit
2024/10/05 02:02:38 [notice] 14#14: exit
2024/10/05 02:02:38 [notice] 19#19: gracefully shutting down
2024/10/05 02:02:38 [notice] 17#17: exit
2024/10/05 02:02:38 [notice] 19#19: exiting
2024/10/05 02:02:38 [notice] 15#15: exit
2024/10/05 02:02:38 [notice] 19#19: exit
2024/10/05 02:02:38 [notice] 9#9: gracefully shutting down
2024/10/05 02:02:38 [notice] 9#9: exiting
2024/10/05 02:02:38 [notice] 13#13: exit
2024/10/05 02:02:38 [notice] 9#9: exit
2024/10/05 02:02:38 [notice] 1#1: signal 17 (SIGCHLD) received from 12
2024/10/05 02:02:38 [notice] 1#1: worker process 12 exited with code 0
2024/10/05 02:02:38 [notice] 1#1: signal 29 (SIGIO) received
2024/10/05 02:02:38 [notice] 1#1: signal 17 (SIGCHLD) received from 15
2024/10/05 02:02:38 [notice] 1#1: worker process 15 exited with code 0
2024/10/05 02:02:38 [notice] 1#1: signal 29 (SIGIO) received
2024/10/05 02:02:38 [notice] 1#1: signal 17 (SIGCHLD) received from 8
2024/10/05 02:02:38 [notice] 1#1: worker process 8 exited with code 0
2024/10/05 02:02:38 [notice] 1#1: worker process 9 exited with code 0
2024/10/05 02:02:38 [notice] 1#1: worker process 11 exited with code 0
2024/10/05 02:02:38 [notice] 1#1: worker process 13 exited with code 0
2024/10/05 02:02:38 [notice] 1#1: worker process 16 exited with code 0
2024/10/05 02:02:38 [notice] 1#1: worker process 17 exited with code 0
2024/10/05 02:02:38 [notice] 1#1: signal 29 (SIGIO) received
2024/10/05 02:02:38 [notice] 1#1: signal 17 (SIGCHLD) received from 17
2024/10/05 02:02:38 [notice] 1#1: signal 17 (SIGCHLD) received from 18
2024/10/05 02:02:38 [notice] 1#1: worker process 18 exited with code 0
2024/10/05 02:02:38 [notice] 1#1: signal 29 (SIGIO) received
2024/10/05 02:02:38 [notice] 1#1: signal 17 (SIGCHLD) received from 10
2024/10/05 02:02:38 [notice] 1#1: worker process 10 exited with code 0
2024/10/05 02:02:38 [notice] 1#1: signal 29 (SIGIO) received
2024/10/05 02:02:38 [notice] 1#1: signal 17 (SIGCHLD) received from 19
2024/10/05 02:02:38 [notice] 1#1: worker process 19 exited with code 0
2024/10/05 02:02:38 [notice] 1#1: signal 29 (SIGIO) received
2024/10/05 02:02:38 [notice] 1#1: signal 17 (SIGCHLD) received from 14
2024/10/05 02:02:38 [notice] 1#1: worker process 14 exited with code 0
2024/10/05 02:02:38 [notice] 1#1: exit
2024/10/05 02:02:44 [notice] 1#1: using the "epoll" event method
2024/10/05 02:02:44 [notice] 1#1: nginx/1.27.2
2024/10/05 02:02:44 [notice] 1#1: built by gcc 13.2.1 20240309 (Alpine 13.2.1_git20240309) 
2024/10/05 02:02:44 [notice] 1#1: OS: Linux 6.5.0-1027-oem
2024/10/05 02:02:44 [notice] 1#1: getrlimit(RLIMIT_NOFILE): 1048576:1048576
2024/10/05 02:02:44 [notice] 1#1: start worker processes
2024/10/05 02:02:44 [notice] 1#1: start worker process 8
2024/10/05 02:02:44 [notice] 1#1: start worker process 9
2024/10/05 02:02:44 [notice] 1#1: start worker process 10
2024/10/05 02:02:44 [notice] 1#1: start worker process 11
2024/10/05 02:02:44 [notice] 1#1: start worker process 12
2024/10/05 02:02:44 [notice] 1#1: start worker process 13
2024/10/05 02:02:44 [notice] 1#1: start worker process 14
2024/10/05 02:02:44 [notice] 1#1: start worker process 15
2024/10/05 02:02:44 [notice] 1#1: start worker process 16
2024/10/05 02:02:44 [notice] 1#1: start worker process 17
2024/10/05 02:02:44 [notice] 1#1: start worker process 18
2024/10/05 02:02:44 [notice] 1#1: start worker process 19
2024/10/05 02:06:07 [notice] 1#1: signal 3 (SIGQUIT) received, shutting down
2024/10/05 02:06:07 [notice] 11#11: gracefully shutting down
2024/10/05 02:06:07 [notice] 14#14: gracefully shutting down
2024/10/05 02:06:07 [notice] 13#13: gracefully shutting down
2024/10/05 02:06:07 [notice] 16#16: gracefully shutting down
2024/10/05 02:06:07 [notice] 12#12: gracefully shutting down
2024/10/05 02:06:07 [notice] 18#18: gracefully shutting down
2024/10/05 02:06:07 [notice] 17#17: gracefully shutting down
2024/10/05 02:06:07 [notice] 11#11: exiting
2024/10/05 02:06:07 [notice] 19#19: gracefully shutting down
2024/10/05 02:06:07 [notice] 14#14: exiting
2024/10/05 02:06:07 [notice] 10#10: gracefully shutting down
2024/10/05 02:06:07 [notice] 9#9: gracefully shutting down
2024/10/05 02:06:07 [notice] 13#13: exiting
2024/10/05 02:06:07 [notice] 16#16: exiting
2024/10/05 02:06:07 [notice] 12#12: exiting
2024/10/05 02:06:07 [notice] 18#18: exiting
2024/10/05 02:06:07 [notice] 17#17: exiting
2024/10/05 02:06:07 [notice] 19#19: exiting
2024/10/05 02:06:07 [notice] 10#10: exiting
2024/10/05 02:06:07 [notice] 9#9: exiting
2024/10/05 02:06:07 [notice] 8#8: gracefully shutting down
2024/10/05 02:06:07 [notice] 8#8: exiting
2024/10/05 02:06:07 [notice] 16#16: exit
2024/10/05 02:06:07 [notice] 11#11: exit
2024/10/05 02:06:07 [notice] 18#18: exit
2024/10/05 02:06:07 [notice] 14#14: exit
2024/10/05 02:06:07 [notice] 17#17: exit
2024/10/05 02:06:07 [notice] 12#12: exit
2024/10/05 02:06:07 [notice] 13#13: exit
2024/10/05 02:06:07 [notice] 9#9: exit
2024/10/05 02:06:07 [notice] 19#19: exit
2024/10/05 02:06:07 [notice] 10#10: exit
2024/10/05 02:06:07 [notice] 8#8: exit
2024/10/05 02:06:07 [notice] 15#15: gracefully shutting down
2024/10/05 02:06:07 [notice] 15#15: exiting
2024/10/05 02:06:07 [notice] 15#15: exit
2024/10/05 02:06:07 [notice] 1#1: signal 17 (SIGCHLD) received from 19
2024/10/05 02:06:07 [notice] 1#1: worker process 19 exited with code 0
2024/10/05 02:06:07 [notice] 1#1: signal 29 (SIGIO) received
2024/10/05 02:06:07 [notice] 1#1: signal 17 (SIGCHLD) received from 11
2024/10/05 02:06:07 [notice] 1#1: worker process 11 exited with code 0
2024/10/05 02:06:07 [notice] 1#1: signal 29 (SIGIO) received
2024/10/05 02:06:07 [notice] 1#1: signal 17 (SIGCHLD) received from 10
2024/10/05 02:06:07 [notice] 1#1: worker process 10 exited with code 0
2024/10/05 02:06:07 [notice] 1#1: worker process 15 exited with code 0
2024/10/05 02:06:07 [notice] 1#1: signal 29 (SIGIO) received
2024/10/05 02:06:07 [notice] 1#1: signal 17 (SIGCHLD) received from 9
2024/10/05 02:06:07 [notice] 1#1: worker process 9 exited with code 0
2024/10/05 02:06:07 [notice] 1#1: worker process 16 exited with code 0
2024/10/05 02:06:07 [notice] 1#1: signal 29 (SIGIO) received
2024/10/05 02:06:07 [notice] 1#1: signal 17 (SIGCHLD) received from 16
2024/10/05 02:06:07 [notice] 1#1: signal 17 (SIGCHLD) received from 14
2024/10/05 02:06:07 [notice] 1#1: worker process 14 exited with code 0
2024/10/05 02:06:07 [notice] 1#1: signal 29 (SIGIO) received
2024/10/05 02:06:07 [notice] 1#1: signal 17 (SIGCHLD) received from 18
2024/10/05 02:06:07 [notice] 1#1: worker process 17 exited with code 0
2024/10/05 02:06:07 [notice] 1#1: worker process 18 exited with code 0
2024/10/05 02:06:07 [notice] 1#1: signal 29 (SIGIO) received
2024/10/05 02:06:07 [notice] 1#1: signal 17 (SIGCHLD) received from 8
2024/10/05 02:06:07 [notice] 1#1: worker process 8 exited with code 0
2024/10/05 02:06:07 [notice] 1#1: worker process 12 exited with code 0
2024/10/05 02:06:07 [notice] 1#1: signal 29 (SIGIO) received
2024/10/05 02:06:07 [notice] 1#1: signal 17 (SIGCHLD) received from 12
2024/10/05 02:06:07 [notice] 1#1: signal 17 (SIGCHLD) received from 13
2024/10/05 02:06:07 [notice] 1#1: worker process 13 exited with code 0
2024/10/05 02:06:07 [notice] 1#1: exit
2024/10/05 13:15:55 [notice] 1#1: using the "epoll" event method
2024/10/05 13:15:55 [notice] 1#1: nginx/1.27.2
2024/10/05 13:15:55 [notice] 1#1: built by gcc 13.2.1 20240309 (Alpine 13.2.1_git20240309) 
2024/10/05 13:15:55 [notice] 1#1: OS: Linux 6.5.0-1027-oem
2024/10/05 13:15:55 [notice] 1#1: getrlimit(RLIMIT_NOFILE): 1048576:1048576
2024/10/05 13:15:55 [notice] 1#1: start worker processes
2024/10/05 13:15:55 [notice] 1#1: start worker process 8
2024/10/05 13:15:55 [notice] 1#1: start worker process 9
2024/10/05 13:15:55 [notice] 1#1: start worker process 10
2024/10/05 13:15:55 [notice] 1#1: start worker process 11
2024/10/05 13:15:55 [notice] 1#1: start worker process 12
2024/10/05 13:15:55 [notice] 1#1: start worker process 13
2024/10/05 13:15:55 [notice] 1#1: start worker process 14
2024/10/05 13:15:55 [notice] 1#1: start worker process 15
2024/10/05 13:15:55 [notice] 1#1: start worker process 16
2024/10/05 13:15:55 [notice] 1#1: start worker process 17
2024/10/05 13:15:55 [notice] 1#1: start worker process 18
2024/10/05 13:15:55 [notice] 1#1: start worker process 19
2024/10/05 13:17:42 [notice] 1#1: signal 3 (SIGQUIT) received, shutting down
2024/10/05 13:17:42 [notice] 8#8: gracefully shutting down
2024/10/05 13:17:42 [notice] 9#9: gracefully shutting down
2024/10/05 13:17:42 [notice] 10#10: gracefully shutting down
2024/10/05 13:17:42 [notice] 11#11: gracefully shutting down
2024/10/05 13:17:42 [notice] 13#13: gracefully shutting down
2024/10/05 13:17:42 [notice] 12#12: gracefully shutting down
2024/10/05 13:17:42 [notice] 14#14: gracefully shutting down
2024/10/05 13:17:42 [notice] 8#8: exiting
2024/10/05 13:17:42 [notice] 9#9: exiting
2024/10/05 13:17:42 [notice] 10#10: exiting
2024/10/05 13:17:42 [notice] 16#16: gracefully shutting down
2024/10/05 13:17:42 [notice] 19#19: gracefully shutting down
2024/10/05 13:17:42 [notice] 11#11: exiting
2024/10/05 13:17:42 [notice] 13#13: exiting
2024/10/05 13:17:42 [notice] 12#12: exiting
2024/10/05 13:17:42 [notice] 14#14: exiting
2024/10/05 13:17:42 [notice] 16#16: exiting
2024/10/05 13:17:42 [notice] 19#19: exiting
2024/10/05 13:17:42 [notice] 13#13: exit
2024/10/05 13:17:42 [notice] 14#14: exit
2024/10/05 13:17:42 [notice] 11#11: exit
2024/10/05 13:17:42 [notice] 9#9: exit
2024/10/05 13:17:42 [notice] 8#8: exit
2024/10/05 13:17:42 [notice] 19#19: exit
2024/10/05 13:17:42 [notice] 16#16: exit
2024/10/05 13:17:42 [notice] 10#10: exit
2024/10/05 13:17:42 [notice] 12#12: exit
2024/10/05 13:17:42 [notice] 17#17: gracefully shutting down
2024/10/05 13:17:42 [notice] 17#17: exiting
2024/10/05 13:17:42 [notice] 15#15: gracefully shutting down
2024/10/05 13:17:42 [notice] 15#15: exiting
2024/10/05 13:17:42 [notice] 15#15: exit
2024/10/05 13:17:42 [notice] 18#18: gracefully shutting down
2024/10/05 13:17:42 [notice] 18#18: exiting
2024/10/05 13:17:42 [notice] 17#17: exit
2024/10/05 13:17:42 [notice] 18#18: exit
2024/10/05 13:17:42 [notice] 1#1: signal 17 (SIGCHLD) received from 19
2024/10/05 13:17:42 [notice] 1#1: worker process 12 exited with code 0
2024/10/05 13:17:42 [notice] 1#1: worker process 19 exited with code 0
2024/10/05 13:17:42 [notice] 1#1: signal 29 (SIGIO) received
2024/10/05 13:17:42 [notice] 1#1: signal 17 (SIGCHLD) received from 16
2024/10/05 13:17:42 [notice] 1#1: worker process 16 exited with code 0
2024/10/05 13:17:42 [notice] 1#1: worker process 18 exited with code 0
2024/10/05 13:17:42 [notice] 1#1: signal 29 (SIGIO) received
2024/10/05 13:17:42 [notice] 1#1: signal 17 (SIGCHLD) received from 18
2024/10/05 13:17:42 [notice] 1#1: worker process 10 exited with code 0
2024/10/05 13:17:42 [notice] 1#1: signal 29 (SIGIO) received
2024/10/05 13:17:42 [notice] 1#1: signal 17 (SIGCHLD) received from 15
2024/10/05 13:17:42 [notice] 1#1: worker process 9 exited with code 0
2024/10/05 13:17:42 [notice] 1#1: worker process 15 exited with code 0
2024/10/05 13:17:42 [notice] 1#1: signal 29 (SIGIO) received
2024/10/05 13:17:42 [notice] 1#1: signal 17 (SIGCHLD) received from 13
2024/10/05 13:17:42 [notice] 1#1: worker process 13 exited with code 0
2024/10/05 13:17:42 [notice] 1#1: signal 29 (SIGIO) received
2024/10/05 13:17:42 [notice] 1#1: signal 17 (SIGCHLD) received from 11
2024/10/05 13:17:42 [notice] 1#1: worker process 8 exited with code 0
2024/10/05 13:17:42 [notice] 1#1: worker process 11 exited with code 0
2024/10/05 13:17:42 [notice] 1#1: worker process 14 exited with code 0
2024/10/05 13:17:42 [notice] 1#1: worker process 17 exited with code 0
2024/10/05 13:17:42 [notice] 1#1: exit
2024/10/05 13:18:23 [notice] 1#1: using the "epoll" event method
2024/10/05 13:18:23 [notice] 1#1: nginx/1.27.2
2024/10/05 13:18:23 [notice] 1#1: built by gcc 13.2.1 20240309 (Alpine 13.2.1_git20240309) 
2024/10/05 13:18:23 [notice] 1#1: OS: Linux 6.5.0-1027-oem
2024/10/05 13:18:23 [notice] 1#1: getrlimit(RLIMIT_NOFILE): 1048576:1048576
2024/10/05 13:18:23 [notice] 1#1: start worker processes
2024/10/05 13:18:23 [notice] 1#1: start worker process 8
2024/10/05 13:18:23 [notice] 1#1: start worker process 9
2024/10/05 13:18:23 [notice] 1#1: start worker process 10
2024/10/05 13:18:23 [notice] 1#1: start worker process 11
2024/10/05 13:18:23 [notice] 1#1: start worker process 12
2024/10/05 13:18:23 [notice] 1#1: start worker process 13
2024/10/05 13:18:23 [notice] 1#1: start worker process 14
2024/10/05 13:18:23 [notice] 1#1: start worker process 15
2024/10/05 13:18:23 [notice] 1#1: start worker process 16
2024/10/05 13:18:23 [notice] 1#1: start worker process 17
2024/10/05 13:18:23 [notice] 1#1: start worker process 18
2024/10/05 13:18:23 [notice] 1#1: start worker process 19
